Titanium Command-Line Interface, CLI version 5.0.7, Titanium SDK version 5.3.0.GA
Copyright (c) 2012-2015, Appcelerator, Inc.  All Rights Reserved.

Please report bugs to http://jira.appcelerator.org/

Operating System
  Name                        = Mac OS X
  Version                     = 10.10.5
  Architecture                = 64bit
  # CPUs                      = 4
  Memory                      = 16.0GB

Node.js
  Node.js Version             = 0.12.7
  npm Version                 = 2.11.3

Titanium CLI
  CLI Version                 = 5.0.7
  node-appc Version           = 0.2.31

Titanium SDKs
  5.4.0.v20160601113617
    Version                   = 5.4.0
    Install Location          = /Library/Application Support/Titanium/mobilesdk/osx/5.4.0.v20160601113617
    Platforms                 = android, mobileweb, iphone
    git Hash                  = 3968bc3
    git Timestamp             = 06/01/16 11:36
    node-appc Version         = 0.2.35
  5.3.0.v20160601101756
    Version                   = 5.3.0
    Install Location          = /Library/Application Support/Titanium/mobilesdk/osx/5.3.0.v20160601101756
    Platforms                 = android, mobileweb, iphone
    git Hash                  = 94fa8af
    git Timestamp             = 06/01/16 10:17
    node-appc Version         = 0.2.33
  5.3.0.v20160407082811
    Version                   = 5.3.0
    Install Location          = /Library/Application Support/Titanium/mobilesdk/osx/5.3.0.v20160407082811
    Platforms                 = android, mobileweb, iphone
    git Hash                  = 3ce68c6
    git Timestamp             = 04/07/16 08:28
    node-appc Version         = 0.2.33
  5.3.0.GA
    Version                   = 5.3.0
    Install Location          = /Library/Application Support/Titanium/mobilesdk/osx/5.3.0.GA
    Platforms                 = android, mobileweb, iphone
    git Hash                  = 94fa8af
    git Timestamp             = 06/01/16 10:17
    node-appc Version         = 0.2.33
  5.2.2.GA
    Version                   = 5.2.2
    Install Location          = /Library/Application Support/Titanium/mobilesdk/osx/5.2.2.GA
    Platforms                 = android, mobileweb, iphone
    git Hash                  = b685ddb
    git Timestamp             = 03/28/16 14:12
    node-appc Version         = 0.2.33
  5.2.0.GENPERM
    Version                   = 5.2.0
    Install Location          = /Library/Application Support/Titanium/mobilesdk/osx/5.2.0.GENPERM
    Platforms                 = android, mobileweb, iphone
    git Hash                  = 384775e
    git Timestamp             = 02/20/16 08:04
    node-appc Version         = 0.2.33
  5.2.0.GA
    Version                   = 5.2.0
    Install Location          = /Library/Application Support/Titanium/mobilesdk/osx/5.2.0.GA
    Platforms                 = android, mobileweb, iphone
    git Hash                  = 384775e
    git Timestamp             = 02/20/16 08:04
    node-appc Version         = 0.2.33
  5.1.2.GA
    Version                   = 5.1.2
    Install Location          = /Users/fuerst/Library/Application Support/Titanium/mobilesdk/osx/5.1.2.GA
    Platforms                 = android, mobileweb, iphone
    git Hash                  = ca822b2
    git Timestamp             = 12/16/15 19:00
    node-appc Version         = 0.2.32
  5.1.1.GA
    Version                   = 5.1.1
    Install Location          = /Users/fuerst/Library/Application Support/Titanium/mobilesdk/osx/5.1.1.GA
    Platforms                 = android, mobileweb, iphone
    git Hash                  = e46100b
    git Timestamp             = 11/24/15 11:07
    node-appc Version         = 0.2.32
  5.1.0.GA
    Version                   = 5.1.0
    Install Location          = /Library/Application Support/Titanium/mobilesdk/osx/5.1.0.GA
    Platforms                 = android, mobileweb, iphone
    git Hash                  = 0913213
    git Timestamp             = 11/18/15 21:44
    node-appc Version         = 0.2.32
  4.1.1.GA
    Version                   = 4.1.1
    Install Location          = /Users/fuerst/Library/Application Support/Titanium/mobilesdk/osx/4.1.1.GA
    Platforms                 = android, mobileweb, iphone
    git Hash                  = 7e39876
    git Timestamp             = 08/16/15 21:42
    node-appc Version         = 0.2.24
  4.1.0.GA
    Version                   = 4.1.0
    Install Location          = /Users/fuerst/Library/Application Support/Titanium/mobilesdk/osx/4.1.0.GA
    Platforms                 = android, mobileweb, iphone
    git Hash                  = 3af50f0
    git Timestamp             = 06/19/15 18:21
    node-appc Version         = 0.2.24
  4.0.0.GA
    Version                   = 4.0.0
    Install Location          = /Library/Application Support/Titanium/mobilesdk/osx/4.0.0.GA
    Platforms                 = iphone, mobileweb, android
    git Hash                  = 9239ff9
    git Timestamp             = 05/18/15 15:42
    node-appc Version         = 0.2.24
  3.5.1.Manu
    Version                   = 3.5.1
    Install Location          = /Library/Application Support/Titanium/mobilesdk/osx/3.5.1.Manu
    Platforms                 = android, iphone, mobileweb
    git Hash                  = f29af55
    git Timestamp             = 05/19/15 10:46
    node-appc Version         = 0.2.24
  3.5.1.GA
    Version                   = 3.5.1
    Install Location          = /Library/Application Support/Titanium/mobilesdk/osx/3.5.1.GA
    Platforms                 = iphone, mobileweb, android, blackberry
    git Hash                  = 96875c9
    git Timestamp             = 03/05/15 10:08
    node-appc Version         = 0.2.24
  3.5.0.GA
    Version                   = 3.5.0
    Install Location          = /Library/Application Support/Titanium/mobilesdk/osx/3.5.0.GA
    Platforms                 = iphone, mobileweb, android, blackberry
    git Hash                  = 0014f83
    git Timestamp             = 01/12/15 15:33
    node-appc Version         = 0.2.17
 
Mac OS X
  Command Line Tools          = installed

Intel® Hardware Accelerated Execution Manager (HAXM)
  Installed                   = yes
  Memory Limit                = 2 GB

Java Development Kit
  Version                     = 1.8.0_65
  Java Home                   = /Library/Java/JavaVirtualMachines/jdk1.8.0_65.jdk/Contents/Home

Genymotion
  Path                        = not found
  Genymotion Executable       = not found
  Genymotion Player           = not found
  Home                        = not found

VirtualBox
  Executable                  = not found
  Version                     = unknown

Android SDK
  Android Executable          = /Users/fuerst/Library/android-sdk-macosx/tools/android
  ADB Executable              = /Users/fuerst/Library/android-sdk-macosx/platform-tools/adb
  SDK Path                    = /Users/fuerst/Library/android-sdk-macosx

Android NDK
  NDK Path                    = /Users/fuerst/Library/android-ndk-macosx
  NDK Version                 = 12.0.2931149

Android Platforms
  1) android-10
    Name                      = Android 2.3.3 **Not supported by Titanium SDK 5.3.0.GA**
    API Level                 = 10
    Revision                  = 2
    Skins                     = HVGA, QVGA, WQVGA400, WQVGA432, WVGA800, WVGA854
    ABIs                      = armeabi
    Path                      = /Users/fuerst/Library/android-sdk-macosx/platforms/android-10
  2) android-14
    Name                      = Android 4.0 **Not supported by Titanium SDK 5.3.0.GA**
    API Level                 = 14
    Revision                  = 4
    Skins                     = HVGA, QVGA, WQVGA400, WQVGA432, WSVGA, WVGA800, WVGA854, WXGA720, WXGA800
    ABIs                      = no ABIs.
    Path                      = /Users/fuerst/Library/android-sdk-macosx/platforms/android-14
  3) android-15
    Name                      = Android 4.0.3 **Not supported by Titanium SDK 5.3.0.GA**
    API Level                 = 15
    Revision                  = 5
    Skins                     = HVGA, QVGA, WQVGA400, WQVGA432, WSVGA, WVGA800, WVGA854, WXGA720, WXGA800
    ABIs                      = armeabi-v7a, x86
    Path                      = /Users/fuerst/Library/android-sdk-macosx/platforms/android-15
  4) android-18
    Name                      = Android 4.3.1 **Not supported by Titanium SDK 5.3.0.GA**
    API Level                 = 18
    Revision                  = 3
    Skins                     = HVGA, QVGA, WQVGA400, WQVGA432, WSVGA, WVGA800, WVGA854, WXGA720, WXGA800, WXGA800-7in
    ABIs                      = armeabi-v7a, x86
    Path                      = /Users/fuerst/Library/android-sdk-macosx/platforms/android-18
  5) android-19
    Name                      = Android 4.4.2 **Not supported by Titanium SDK 5.3.0.GA**
    API Level                 = 19
    Revision                  = 4
    Skins                     = HVGA, QVGA, WQVGA400, WQVGA432, WSVGA, WVGA800, WVGA854, WXGA720, WXGA800, WXGA800-7in
    ABIs                      = armeabi-v7a, x86
    Path                      = /Users/fuerst/Library/android-sdk-macosx/platforms/android-19
  6) android-20
    Name                      = Android 4.4W.2 **Not supported by Titanium SDK 5.3.0.GA**
    API Level                 = 20
    Revision                  = 2
    Skins                     = HVGA, QVGA, WQVGA400, WQVGA432, WSVGA, WVGA800, WVGA854, WXGA720, WXGA800, WXGA800-7in, AndroidWearRound, AndroidWearSquare
    ABIs                      = armeabi-v7a, x86
    Path                      = /Users/fuerst/Library/android-sdk-macosx/platforms/android-20
  7) android-21
    Name                      = Android 5.0.1 **Not supported by Titanium SDK 5.3.0.GA**
    API Level                 = 21
    Revision                  = 2
    Skins                     = HVGA, QVGA, WQVGA400, WQVGA432, WSVGA, WVGA800, WVGA854, WXGA720, WXGA800, WXGA800-7in, AndroidWearRound, AndroidWearSquare
    ABIs                      = armeabi-v7a, x86, x86_64
    Path                      = /Users/fuerst/Library/android-sdk-macosx/platforms/android-21
  8) android-22
    Name                      = Android 5.1.1 **Not supported by Titanium SDK 5.3.0.GA**
    API Level                 = 22
    Revision                  = 2
    Skins                     = HVGA, QVGA, WQVGA400, WQVGA432, WSVGA, WVGA800, WVGA854, WXGA720, WXGA800, WXGA800-7in, AndroidWearRound, AndroidWearRound400x400, AndroidWearRoundChin320x290, AndroidWearRoundChin360x325, AndroidWearRoundChin360x330, AndroidWearSquare, AndroidWearSquare320x320
    ABIs                      = armeabi-v7a, x86, x86_64
    Path                      = /Users/fuerst/Library/android-sdk-macosx/platforms/android-22
  9) android-23
    Name                      = Android 6.0
    API Level                 = 23
    Revision                  = 3
    Skins                     = HVGA, QVGA, WQVGA400, WQVGA432, WSVGA, WVGA800, WVGA854, WXGA720, WXGA800, WXGA800-7in, AndroidWearRound, AndroidWearRound360x360, AndroidWearRound400x400, AndroidWearRound480x480, AndroidWearRoundChin320x290, AndroidWearRoundChin360x325, AndroidWearRoundChin360x326, AndroidWearRoundChin360x330, AndroidWearSquare, AndroidWearSquare320x320
    ABIs                      = armeabi-v7a, x86, x86_64
    Path                      = /Users/fuerst/Library/android-sdk-macosx/platforms/android-23
  10) android-N
    Name                      = Android N (Preview)
    API Level                 = N
    Revision                  = 3
    Skins                     = HVGA, QVGA, WQVGA400, WQVGA432, WSVGA, WVGA800, WVGA854, WXGA720, WXGA800, WXGA800-7in
    ABIs                      = no ABIs.
    Path                      = /Users/fuerst/Library/android-sdk-macosx/platforms/android-N

Android Add-Ons
  11) Google Inc.:Google APIs:15
    Name                      = Android 4.0.3 (API level 15) **Not supported by Titanium SDK 5.3.0.GA**
    Vendor                    = Google Inc.
    Revision                  = 3
    Description               = Android + Google APIs
    Skins                     = HVGA, QVGA, WQVGA400, WQVGA432, WSVGA, WVGA800, WVGA854, WXGA720, WXGA800
    ABIs                      = armeabi-v7a
    Path                      = /Users/fuerst/Library/android-sdk-macosx/add-ons/addon-google_apis-google-15
    Libraries                 = com.android.future.usb.accessory: API for USB Accessories (usb.jar)
                                com.google.android.media.effects: Collection of video effects (effects.jar)
                                com.google.android.maps: API for Google Maps (maps.jar)

  12) Google Inc.:Google APIs:18
    Name                      = Android 4.3.1 (API level 18) **Not supported by Titanium SDK 5.3.0.GA**
    Vendor                    = Google Inc.
    Revision                  = 4
    Description               = Android + Google APIs
    Skins                     = HVGA, QVGA, WQVGA400, WQVGA432, WSVGA, WVGA800, WVGA854, WXGA720, WXGA800, WXGA800-7in
    ABIs                      = armeabi-v7a
    Path                      = /Users/fuerst/Library/android-sdk-macosx/add-ons/addon-google_apis-google-18
    Libraries                 = com.android.future.usb.accessory: API for USB Accessories (usb.jar)
                                com.google.android.media.effects: Collection of video effects (effects.jar)
                                com.google.android.maps: API for Google Maps (maps.jar)

  13) Google Inc.:Glass Development Kit Preview:19
    Name                      = Android 4.4.2 (API level 19) **Not supported by Titanium SDK 5.3.0.GA**
    Vendor                    = Google Inc.
    Revision                  = 11
    Description               = Preview of the Glass Development Kit
    Skins                     = HVGA, QVGA, WQVGA400, WQVGA432, WSVGA, WVGA800, WVGA854, WXGA720, WXGA800, WXGA800-7in
    ABIs                      = no ABIs.
    Path                      = /Users/fuerst/Library/android-sdk-macosx/add-ons/addon-google_gdk-google-19
    Libraries                 = com.google.android.glass: APIs for Glass Development Kit Preview (gdk.jar)

  14) Google Inc.:Google APIs:19
    Name                      = Android 4.4.2 (API level 19) **Not supported by Titanium SDK 5.3.0.GA**
    Vendor                    = Google Inc.
    Revision                  = 18
    Description               = Android + Google APIs
    Skins                     = HVGA, QVGA, WQVGA400, WQVGA432, WSVGA, WVGA800, WVGA854, WXGA720, WXGA800, WXGA800-7in
    ABIs                      = armeabi-v7a
    Path                      = /Users/fuerst/Library/android-sdk-macosx/add-ons/addon-google_apis-google-19
    Libraries                 = com.android.future.usb.accessory: API for USB Accessories (usb.jar)
                                com.google.android.media.effects: Collection of video effects (effects.jar)
                                com.google.android.maps: API for Google Maps (maps.jar)

  15) Google Inc.:Google APIs (x86 System Image):19
    Name                      = Android 4.4.2 (API level 19) **Not supported by Titanium SDK 5.3.0.GA**
    Vendor                    = Google Inc.
    Revision                  = 18
    Description               = Android x86 + Google APIs
    Skins                     = HVGA, QVGA, WQVGA400, WQVGA432, WSVGA, WVGA800, WVGA854, WXGA720, WXGA800, WXGA800-7in
    ABIs                      = x86
    Path                      = /Users/fuerst/Library/android-sdk-macosx/add-ons/addon-google_apis_x86-google-19
    Libraries                 = com.android.future.usb.accessory: API for USB Accessories (usb.jar)
                                com.google.android.media.effects: Collection of video effects (effects.jar)
                                com.google.android.maps: API for Google Maps (maps.jar)

  16) Google Inc.:Google APIs:21
    Name                      = Android 5.0.1 (API level 21) **Not supported by Titanium SDK 5.3.0.GA**
    Vendor                    = Google Inc.
    Revision                  = 1
    Description               = Android + Google APIs
    Skins                     = HVGA, QVGA, WQVGA400, WQVGA432, WSVGA, WVGA800, WVGA854, WXGA720, WXGA800, WXGA800-7in, AndroidWearRound, AndroidWearSquare
    ABIs                      = armeabi-v7a, x86, x86_64
    Path                      = /Users/fuerst/Library/android-sdk-macosx/add-ons/addon-google_apis-google-21
    Libraries                 = com.android.future.usb.accessory: API for USB Accessories (usb.jar)
                                com.google.android.media.effects: Collection of video effects (effects.jar)
                                com.google.android.maps: API for Google Maps (maps.jar)

  17) Google Inc.:Google APIs:22
    Name                      = Android 5.1.1 (API level 22) **Not supported by Titanium SDK 5.3.0.GA**
    Vendor                    = Google Inc.
    Revision                  = 1
    Description               = Android + Google APIs
    Skins                     = HVGA, QVGA, WQVGA400, WQVGA432, WSVGA, WVGA800, WVGA854, WXGA720, WXGA800, WXGA800-7in, AndroidWearRound, AndroidWearRound400x400, AndroidWearRoundChin320x290, AndroidWearRoundChin360x325, AndroidWearRoundChin360x330, AndroidWearSquare, AndroidWearSquare320x320
    ABIs                      = armeabi-v7a, x86, x86_64
    Path                      = /Users/fuerst/Library/android-sdk-macosx/add-ons/addon-google_apis-google-22
    Libraries                 = com.android.future.usb.accessory: API for USB Accessories (usb.jar)
                                com.google.android.media.effects: Collection of video effects (effects.jar)
                                com.google.android.maps: API for Google Maps (maps.jar)

  18) Google Inc.:Google APIs:23
    Name                      = Android 6.0 (API level 23)
    Vendor                    = Google Inc.
    Revision                  = 1
    Description               = Android + Google APIs
    Skins                     = HVGA, QVGA, WQVGA400, WQVGA432, WSVGA, WVGA800, WVGA854, WXGA720, WXGA800, WXGA800-7in, AndroidWearRound, AndroidWearRound360x360, AndroidWearRound400x400, AndroidWearRound480x480, AndroidWearRoundChin320x290, AndroidWearRoundChin360x325, AndroidWearRoundChin360x326, AndroidWearRoundChin360x330, AndroidWearSquare, AndroidWearSquare320x320
    ABIs                      = armeabi-v7a, x86, x86_64
    Path                      = /Users/fuerst/Library/android-sdk-macosx/add-ons/addon-google_apis-google-23
    Libraries                 = com.android.future.usb.accessory: API for USB Accessories (usb.jar)
                                com.google.android.media.effects: Collection of video effects (effects.jar)
                                com.google.android.maps: API for Google Maps (maps.jar)


Android Emulators
  titanium_1_WVGA800
    Path                      = /Users/fuerst/.android/avd/titanium_1_WVGA800.avd
    SDK Version               = Android 6.0 (API level 23)
    ABI                       = armeabi-v7a
    Skin                      = wvga800
    SD Card                   = /Users/fuerst/.android/avd/titanium_1_WVGA800.avd/sdcard.img
    Google APIs               = no

Genymotion Emulators
  None

Connected Android Devices
  None

Xcode
  7.2.1 (build 7C1002) - Xcode default
    Install Location          = /Applications/Xcode.app/Contents/Developer/
    iOS SDKs                  = 9.2
    iOS Simulators            = 9.2
    Watch SDKs                = 2.1
    Watch Simulators          = 2.1
    Supported by TiSDK 5.3.0.GA = yes
    EULA Accepted             = yes
    Teams                     = NJQEKN337U Rainer Schleevoigt - Individual (active)
                              = QMG37C68NM Christian Satz - Individual (active)
                              = SY2TEA9Z9K Satzmedia GmbH - Company/Organization (active)
                              = JBAFSB7XNF Eppendorf AG - Company/Organization (active)
                              = G3A5CH2U94 Rainer Schleevoigt - Individual (active)
  7.0.1 (build 7A1001)
    Install Location          = /Applications/Xcode7.0.1.app/Contents/Developer
    iOS SDKs                  = 9.0
    iOS Simulators            = 9.0
    Watch SDKs                = 2.0
    Watch Simulators          = 2.0
    Supported by TiSDK 5.3.0.GA = yes
    EULA Accepted             = yes
    Teams                     = G3A5CH2U94 Rainer Schleevoigt - Individual (active)
                              = SY2TEA9Z9K Satzmedia GmbH - Company/Organization (active)
                              = JBAFSB7XNF Eppendorf AG - Company/Organization (active)
                              = QMG37C68NM Christian Satz - Individual (active)
                              = NJQEKN337U Rainer Schleevoigt - Individual (active)
 
iOS Keychains
  login.keychain              = /Users/fuerst/Library/Keychains/login.keychain
  System.keychain             = /Library/Keychains/System.keychain

iOS Development Certificates
/Users/fuerst/Library/Keychains/login.keychain
  Rainer Schleevoigt (3Z3X4F9677)
    Not valid before          = 2/24/2016 11:35 AM
    Not valid after           = 2/23/2017 11:35 AM
  Rainer Schleevoigt (XNKWPVMGXV)
    Not valid before          = 7/14/2015 3:27 PM
    Not valid after           = 7/13/2016 3:27 PM
  Rainer Schleevoigt (XNKWPVMGXV)
    Not valid before          = 7/22/2015 10:10 AM
    Not valid after           = 7/21/2016 10:10 AM
  rainer.schleevoigt@satzmedia.de (86K8BXJ93B)
    Not valid before          = 10/30/2015 9:27 AM
    Not valid after           = 10/29/2016 10:27 AM

iOS Distribution Certificates
/Users/fuerst/Library/Keychains/login.keychain
  Eppendorf AG (JBAFSB7XNF)
    Not valid before          = 7/30/2015 5:15 PM
    Not valid after           = 7/29/2016 5:15 PM
  Rainer Schleevoigt (G3A5CH2U94)
    Not valid before          = 7/10/2015 3:40 PM
    Not valid after           = 7/9/2016 3:40 PM
  Satzmedia GmbH (SY2TEA9Z9K)
    Not valid before          = 7/10/2015 7:09 PM
    Not valid after           = 7/9/2016 7:09 PM
  Satzmedia GmbH (SY2TEA9Z9K)
    Not valid before          = 7/13/2015 7:58 PM
    Not valid after           = 7/12/2016 7:58 PM
  Satzmedia GmbH (SY2TEA9Z9K)
    Not valid before          = 7/14/2015 11:30 AM
    Not valid after           = 7/13/2016 11:30 AM
  Satzmedia GmbH (SY2TEA9Z9K)
    Not valid before          = 7/14/2015 3:30 PM
    Not valid after           = 7/13/2016 3:30 PM
/Library/Keychains/System.keychain
  Eppendorf AG (JBAFSB7XNF)
    Not valid before          = 7/30/2015 5:15 PM
    Not valid after           = 7/29/2016 5:15 PM
  Satzmedia GmbH (SY2TEA9Z9K)
    Not valid before          = 7/14/2015 11:30 AM
    Not valid after           = 7/13/2016 11:30 AM
  Satzmedia GmbH (SY2TEA9Z9K)
    Not valid before          = 7/14/2015 3:30 PM
    Not valid after           = 7/13/2016 3:30 PM

Apple WWDR Certificate
  Apple WWDR                  = installed

Development iOS Provisioning Profiles
  Appwerftgeneral
    UUID                      = 2e2c3552-b0c9-4b86-a46c-573dc1d9ae67
    App Prefix                = G3A5CH2U94
    App Id                    = de.appwerft.*
    Date Created              = 3/10/2016 10:25 PM
    Date Expired              = 3/10/2017 10:25 PM
  iOS Team Provisioning Profile: *
    UUID                      = 5b5cc724-ac3e-475e-bb31-3afd19fa62cd
    App Prefix                = RAAS44B449
    App Id                    = *
    Date Created              = 3/10/2016 10:26 PM
    Date Expired              = 3/10/2017 10:26 PM
  iOS Team Provisioning Profile: com.appwerft.bagdad
    UUID                      = e4dc9764-8be6-4ab5-823a-5bb58739b718
    App Prefix                = G3A5CH2U94
    App Id                    = com.appwerft.bagdad
    Date Created              = 3/10/2016 10:26 PM
    Date Expired              = 3/10/2017 10:26 PM
  iOS Team Provisioning Profile: com.appwerft.georingbahn
    UUID                      = d0ad8040-8640-4bbf-beaa-c6b0d4c3513e
    App Prefix                = G3A5CH2U94
    App Id                    = com.appwerft.georingbahn
    Date Created              = 3/10/2016 10:26 PM
    Date Expired              = 3/10/2017 10:26 PM
  iOS Team Provisioning Profile: com.appwerft.gynulm
    UUID                      = f61c591d-97f4-48cc-84c3-207e9f0bc94d
    App Prefix                = G3A5CH2U94
    App Id                    = com.appwerft.gynulm
    Date Created              = 3/10/2016 10:26 PM
    Date Expired              = 3/10/2017 10:26 PM
  iOS Team Provisioning Profile: com.appwerft.hsgwohnen
    UUID                      = 406ba45c-68cf-4155-9b6b-109e63eebe64
    App Prefix                = G3A5CH2U94
    App Id                    = com.appwerft.hsgwohnen
    Date Created              = 3/10/2016 10:26 PM
    Date Expired              = 3/10/2017 10:26 PM
  iOS Team Provisioning Profile: com.appwerft.index
    UUID                      = 3dea5e63-017a-4d8c-a57f-9ce953788e17
    App Prefix                = G3A5CH2U94
    App Id                    = com.appwerft.index
    Date Created              = 3/10/2016 10:26 PM
    Date Expired              = 3/10/2017 10:26 PM
  iOS Team Provisioning Profile: com.appwerft.ipatut
    UUID                      = 40900387-0cd9-427d-9fdc-2d9eb5d754bf
    App Prefix                = G3A5CH2U94
    App Id                    = com.appwerft.ipatut
    Date Created              = 3/10/2016 10:26 PM
    Date Expired              = 3/10/2017 10:26 PM
  iOS Team Provisioning Profile: com.appwerft.luminator
    UUID                      = b2807333-97a7-4ab7-927b-e142da431330
    App Prefix                = G3A5CH2U94
    App Id                    = com.appwerft.luminator
    Date Created              = 3/10/2016 10:26 PM
    Date Expired              = 3/10/2017 10:26 PM
  iOS Team Provisioning Profile: com.appwerft.luminaut
    UUID                      = 2a09fb64-d555-4a17-b4ad-b8b5efc3f4a6
    App Prefix                = G3A5CH2U94
    App Id                    = com.appwerft.luminaut
    Date Created              = 3/10/2016 10:26 PM
    Date Expired              = 3/10/2017 10:26 PM
  iOS Team Provisioning Profile: com.appwerft.marathon2008
    UUID                      = 5b709a06-82af-4ed0-b6c7-e0cd2f033dde
    App Prefix                = G3A5CH2U94
    App Id                    = com.appwerft.marathon2008
    Date Created              = 3/10/2016 10:26 PM
    Date Expired              = 3/10/2017 10:26 PM
  iOS Team Provisioning Profile: com.appwerft.t3con11
    UUID                      = 0d0799ad-cf79-4259-8fe7-458dd49dc03a
    App Prefix                = G3A5CH2U94
    App Id                    = com.appwerft.t3con11
    Date Created              = 3/10/2016 10:26 PM
    Date Expired              = 3/10/2017 10:26 PM
  iOS Team Provisioning Profile: com.appwerft.vallegranrey
    UUID                      = 40bca5bb-ed8d-4126-a064-61f164f0cbca
    App Prefix                = G3A5CH2U94
    App Id                    = com.appwerft.vallegranrey
    Date Created              = 3/10/2016 10:26 PM
    Date Expired              = 3/10/2017 10:26 PM
  iOS Team Provisioning Profile: com.appwerft.vofue
    UUID                      = 2232a5dc-a903-4120-b63a-721a2ec4ecc4
    App Prefix                = G3A5CH2U94
    App Id                    = com.appwerft.vofue
    Date Created              = 3/10/2016 10:26 PM
    Date Expired              = 3/10/2017 10:26 PM
  iOS Team Provisioning Profile: com.eppendorf.appmaintest
    UUID                      = 6140adbf-820b-4f6c-948a-096fc7fba782
    App Prefix                = G3A5CH2U94
    App Id                    = com.eppendorf.appmaintest
    Date Created              = 3/10/2016 10:26 PM
    Date Expired              = 3/10/2017 10:26 PM
  iOS Team Provisioning Profile: com.eppendorf.mainapp
    UUID                      = dac3b9c7-05a0-4f31-a311-5bc6a126d2e4
    App Prefix                = G3A5CH2U94
    App Id                    = com.eppendorf.mainapp
    Date Created              = 3/10/2016 10:26 PM
    Date Expired              = 3/10/2017 10:26 PM
  iOS Team Provisioning Profile: com.mairdumont.CrossPlatformMaps
    UUID                      = d70474d3-943c-429a-a05e-6b6afd184655
    App Prefix                = G3A5CH2U94
    App Id                    = com.mairdumont.CrossPlatformMaps
    Date Created              = 3/10/2016 10:26 PM
    Date Expired              = 3/10/2017 10:26 PM
  iOS Team Provisioning Profile: com.webmasterei.bagdad
    UUID                      = 9f994e76-f572-4697-9359-b9f7672c97ca
    App Prefix                = G3A5CH2U94
    App Id                    = com.webmasterei.bagdad
    Date Created              = 3/10/2016 10:26 PM
    Date Expired              = 3/10/2017 10:26 PM
  iOS Team Provisioning Profile: com.webmasterei.bunkerduft
    UUID                      = f501c010-4cdb-4fa3-86cb-63341479b410
    App Prefix                = G3A5CH2U94
    App Id                    = com.webmasterei.bunkerduft
    Date Created              = 3/10/2016 10:26 PM
    Date Expired              = 3/10/2017 10:26 PM
  iOS Team Provisioning Profile: com.webmasterei.familientagebuch
    UUID                      = 9ac15fdd-c19d-4d6c-98e8-1e2663db47a1
    App Prefix                = G3A5CH2U94
    App Id                    = com.webmasterei.familientagebuch
    Date Created              = 3/10/2016 10:26 PM
    Date Expired              = 3/10/2017 10:26 PM
  iOS Team Provisioning Profile: com.webmasterei.hamburgerpanos
    UUID                      = 4d34bb87-1bf4-46f8-ab79-28893e1c3656
    App Prefix                = G3A5CH2U94
    App Id                    = com.webmasterei.hamburgerpanos
    Date Created              = 3/10/2016 10:26 PM
    Date Expired              = 3/10/2017 10:26 PM
  iOS Team Provisioning Profile: com.webmasterei.hamburgerradschrauber
    UUID                      = 681f9cad-fee8-4b8b-90a3-610c3d893107
    App Prefix                = 7YU2NRWAMQ
    App Id                    = com.webmasterei.hamburgerradschrauber
    Date Created              = 3/10/2016 10:26 PM
    Date Expired              = 3/10/2017 10:26 PM
  iOS Team Provisioning Profile: com.webmasterei.hinzundkunzt
    UUID                      = d2259453-1745-4cab-a539-dd877be83b2e
    App Prefix                = G3A5CH2U94
    App Id                    = com.webmasterei.hinzundkunzt
    Date Created              = 3/10/2016 10:26 PM
    Date Expired              = 3/10/2017 10:26 PM
  iOS Team Provisioning Profile: com.webmasterei.kitchensink
    UUID                      = 846dd69b-45ac-4edb-ae85-a678956ea268
    App Prefix                = SZ6RW865KM
    App Id                    = com.webmasterei.kitchensink
    Date Created              = 3/10/2016 10:26 PM
    Date Expired              = 3/10/2017 10:26 PM
  iOS Team Provisioning Profile: com.webmasterei.miba
    UUID                      = cc14889c-1354-4d5b-b157-ae50518a6989
    App Prefix                = G3A5CH2U94
    App Id                    = com.webmasterei.miba
    Date Created              = 3/10/2016 10:26 PM
    Date Expired              = 3/10/2017 10:26 PM
  iOS Team Provisioning Profile: com.webmasterei.movingplanner
    UUID                      = 0a877835-f48f-4759-bf9c-2155eb7a3979
    App Prefix                = C7W56NSGS9
    App Id                    = com.webmasterei.movingplanner
    Date Created              = 3/10/2016 10:26 PM
    Date Expired              = 3/10/2017 10:26 PM
  iOS Team Provisioning Profile: com.webmasterei.rainershoren
    UUID                      = 9ce190b2-aace-4241-8405-3920421f7cea
    App Prefix                = 5ZK2N7Z6D6
    App Id                    = com.webmasterei.rainershoren
    Date Created              = 3/10/2016 10:26 PM
    Date Expired              = 3/10/2017 10:26 PM
  iOS Team Provisioning Profile: com.webmasterei.sprechmaschine
    UUID                      = ca386953-a5a4-4b9e-9275-fb2037f4d5ac
    App Prefix                = EC22R5UATD
    App Id                    = com.webmasterei.sprechmaschine
    Date Created              = 3/10/2016 10:26 PM
    Date Expired              = 3/10/2017 10:26 PM
  iOS Team Provisioning Profile: com.webmasterei.sterni
    UUID                      = 259a69b4-d2cb-4886-99b9-11482ad9cc72
    App Prefix                = G3A5CH2U94
    App Id                    = com.webmasterei.sterni
    Date Created              = 3/10/2016 10:26 PM
    Date Expired              = 3/10/2017 10:26 PM
  iOS Team Provisioning Profile: com.webmasterei.t3con11
    UUID                      = 701043de-cc8d-4d59-99a5-d5fced725457
    App Prefix                = G3A5CH2U94
    App Id                    = com.webmasterei.t3con11
    Date Created              = 3/10/2016 10:26 PM
    Date Expired              = 3/10/2017 10:26 PM
  iOS Team Provisioning Profile: com.webmasterei.thuer
    UUID                      = b40e97f3-1aa7-415c-a468-47ff15eabd61
    App Prefix                = 35L73N7B5V
    App Id                    = com.webmasterei.thuer
    Date Created              = 3/10/2016 10:26 PM
    Date Expired              = 3/10/2017 10:26 PM
  iOS Team Provisioning Profile: com.webmasterei.velo
    UUID                      = 93de90a3-b21b-44ae-9c63-09468d7c9e17
    App Prefix                = Q54V7KXHQZ
    App Id                    = com.webmasterei.velo
    Date Created              = 3/10/2016 10:26 PM
    Date Expired              = 3/10/2017 10:26 PM
  iOS Team Provisioning Profile: com.webmasterei.vladi.*
    UUID                      = 3dc41cd3-74f3-456c-98fa-8e76473aae67
    App Prefix                = EZ9LZTKAUR
    App Id                    = com.webmasterei.vladi.*
    Date Created              = 3/10/2016 10:26 PM
    Date Expired              = 3/10/2017 10:26 PM
  iOS Team Provisioning Profile: com.webmasterei.vpi
    UUID                      = 8f4b29a3-e83c-495e-87c3-c81a6e62f74e
    App Prefix                = G3A5CH2U94
    App Id                    = com.webmasterei.vpi
    Date Created              = 3/10/2016 10:26 PM
    Date Expired              = 3/10/2017 10:26 PM
  iOS Team Provisioning Profile: de.appwerft.agilent
    UUID                      = 9c4b58f6-1dc0-48eb-90df-68509a36e0bc
    App Prefix                = G3A5CH2U94
    App Id                    = de.appwerft.agilent
    Date Created              = 3/10/2016 10:26 PM
    Date Expired              = 3/10/2017 10:26 PM
  iOS Team Provisioning Profile: de.appwerft.alsterdampfer
    UUID                      = 81afe65c-b896-4cf7-b2d2-97434fc5b7c0
    App Prefix                = G3A5CH2U94
    App Id                    = de.appwerft.alsterdampfer
    Date Created              = 3/10/2016 10:26 PM
    Date Expired              = 3/10/2017 10:26 PM
  iOS Team Provisioning Profile: de.appwerft.amaks
    UUID                      = 9b613c21-1b8f-473e-815d-112649bdcd50
    App Prefix                = G3A5CH2U94
    App Id                    = de.appwerft.amaks
    Date Created              = 3/10/2016 10:26 PM
    Date Expired              = 3/10/2017 10:26 PM
  iOS Team Provisioning Profile: de.appwerft.axis
    UUID                      = d3b8e413-ea81-411a-9497-c23cc155d230
    App Prefix                = G3A5CH2U94
    App Id                    = de.appwerft.axis
    Date Created              = 3/10/2016 10:26 PM
    Date Expired              = 3/10/2017 10:26 PM
  iOS Team Provisioning Profile: de.appwerft.belvedere
    UUID                      = 388248b3-d65c-44b5-aeaf-7b5968fc0ba0
    App Prefix                = G3A5CH2U94
    App Id                    = de.appwerft.belvedere
    Date Created              = 3/10/2016 10:26 PM
    Date Expired              = 3/10/2017 10:26 PM
  iOS Team Provisioning Profile: de.appwerft.botsadhh
    UUID                      = 142f61cc-20b4-4d3d-9caf-55ceedceb54c
    App Prefix                = G3A5CH2U94
    App Id                    = de.appwerft.botsadhh
    Date Created              = 3/10/2016 10:26 PM
    Date Expired              = 3/10/2017 10:26 PM
  iOS Team Provisioning Profile: de.appwerft.buduclan
    UUID                      = be6c6d97-bd14-4097-9fff-97c05dad7565
    App Prefix                = G3A5CH2U94
    App Id                    = de.appwerft.buduclan
    Date Created              = 3/10/2016 10:26 PM
    Date Expired              = 3/10/2017 10:26 PM
  iOS Team Provisioning Profile: de.appwerft.busradarfl
    UUID                      = 670cfcf4-dc15-4f19-bca1-3a4ad51c040c
    App Prefix                = G3A5CH2U94
    App Id                    = de.appwerft.busradarfl
    Date Created              = 3/10/2016 10:26 PM
    Date Expired              = 3/10/2017 10:26 PM
  iOS Team Provisioning Profile: de.appwerft.buxtehude
    UUID                      = 74b27489-31d4-4095-afec-83cf6d23b674
    App Prefix                = G3A5CH2U94
    App Id                    = de.appwerft.buxtehude
    Date Created              = 3/10/2016 10:26 PM
    Date Expired              = 3/10/2017 10:26 PM
  iOS Team Provisioning Profile: de.appwerft.cafeabsurd
    UUID                      = 83fcf453-abdd-4a35-b556-1b9b47391eff
    App Prefix                = G3A5CH2U94
    App Id                    = de.appwerft.cafeabsurd
    Date Created              = 3/10/2016 10:26 PM
    Date Expired              = 3/10/2017 10:26 PM
  iOS Team Provisioning Profile: de.appwerft.cligga
    UUID                      = cd357bcd-1eda-4ffb-a998-43a51bf91dff
    App Prefix                = G3A5CH2U94
    App Id                    = de.appwerft.cligga
    Date Created              = 3/10/2016 10:26 PM
    Date Expired              = 3/10/2017 10:26 PM
  iOS Team Provisioning Profile: de.appwerft.cookasa
    UUID                      = 4712e201-e539-41d7-ac9a-8bacf5da1c41
    App Prefix                = G3A5CH2U94
    App Id                    = de.appwerft.cookasa
    Date Created              = 3/10/2016 10:26 PM
    Date Expired              = 3/10/2017 10:26 PM
  iOS Team Provisioning Profile: de.appwerft.deepzoom
    UUID                      = d03fd456-5600-4571-9f60-613f917a4ef9
    App Prefix                = G3A5CH2U94
    App Id                    = de.appwerft.deepzoom
    Date Created              = 3/10/2016 10:26 PM
    Date Expired              = 3/10/2017 10:26 PM
  iOS Team Provisioning Profile: de.appwerft.dweda
    UUID                      = f4681593-bcfa-4fa4-b029-486d81c47d14
    App Prefix                = G3A5CH2U94
    App Id                    = de.appwerft.dweda
    Date Created              = 3/10/2016 10:26 PM
    Date Expired              = 3/10/2017 10:26 PM
  iOS Team Provisioning Profile: de.appwerft.educationpackage
    UUID                      = 90de8ff6-fd28-4a37-888f-bc1f2e3b08d6
    App Prefix                = G3A5CH2U94
    App Id                    = de.appwerft.educationpackage
    Date Created              = 3/10/2016 10:26 PM
    Date Expired              = 3/10/2017 10:26 PM
  iOS Team Provisioning Profile: de.appwerft.eppendorf
    UUID                      = dc76b9cd-cb61-462e-8824-911e98de20a5
    App Prefix                = G3A5CH2U94
    App Id                    = de.appwerft.eppendorf
    Date Created              = 3/10/2016 10:26 PM
    Date Expired              = 3/10/2017 10:26 PM
  iOS Team Provisioning Profile: de.appwerft.ergobaby
    UUID                      = 748dc799-9fa9-4e47-a666-9f6c2408e43f
    App Prefix                = G3A5CH2U94
    App Id                    = de.appwerft.ergobaby
    Date Created              = 3/10/2016 10:26 PM
    Date Expired              = 3/10/2017 10:26 PM
  iOS Team Provisioning Profile: de.appwerft.europom
    UUID                      = 6c739857-48a8-4387-bd98-5e84e8e6caf4
    App Prefix                = G3A5CH2U94
    App Id                    = de.appwerft.europom
    Date Created              = 3/10/2016 10:26 PM
    Date Expired              = 3/10/2017 10:26 PM
  iOS Team Provisioning Profile: de.appwerft.fahrradsternfahrt
    UUID                      = 3f949cb9-7849-4571-a137-947ef28b1302
    App Prefix                = G3A5CH2U94
    App Id                    = de.appwerft.fahrradsternfahrt
    Date Created              = 3/10/2016 10:26 PM
    Date Expired              = 3/10/2017 10:26 PM
  iOS Team Provisioning Profile: de.appwerft.farborakel
    UUID                      = 0bcc6d26-c9c1-42e1-9d64-5908b56126f9
    App Prefix                = G3A5CH2U94
    App Id                    = de.appwerft.farborakel
    Date Created              = 3/10/2016 10:26 PM
    Date Expired              = 3/10/2017 10:26 PM
  iOS Team Provisioning Profile: de.appwerft.giftplanner
    UUID                      = e6e5daea-dae9-4b55-8a70-82ee2fd5df5f
    App Prefix                = G3A5CH2U94
    App Id                    = de.appwerft.giftplanner
    Date Created              = 3/10/2016 10:26 PM
    Date Expired              = 3/10/2017 10:26 PM
  iOS Team Provisioning Profile: de.appwerft.hadag
    UUID                      = c3efafac-e241-4926-bad6-db7803f9dfbc
    App Prefix                = G3A5CH2U94
    App Id                    = de.appwerft.hadag
    Date Created              = 3/10/2016 10:26 PM
    Date Expired              = 3/10/2017 10:26 PM
  iOS Team Provisioning Profile: de.appwerft.hrv
    UUID                      = 503277da-9c6a-4e06-a249-96c7846c75fd
    App Prefix                = G3A5CH2U94
    App Id                    = de.appwerft.hrv
    Date Created              = 3/10/2016 10:26 PM
    Date Expired              = 3/10/2017 10:26 PM
  iOS Team Provisioning Profile: de.appwerft.kindstod
    UUID                      = 35cf9633-1661-46cd-93e2-61dc63138c3e
    App Prefix                = G3A5CH2U94
    App Id                    = de.appwerft.kindstod
    Date Created              = 3/10/2016 10:26 PM
    Date Expired              = 3/10/2017 10:26 PM
  iOS Team Provisioning Profile: de.appwerft.kingdrips
    UUID                      = b00eb545-8923-49fe-b4da-aab37ea6f3f9
    App Prefix                = G3A5CH2U94
    App Id                    = de.appwerft.kingdrips
    Date Created              = 3/10/2016 10:26 PM
    Date Expired              = 3/10/2017 10:26 PM
  iOS Team Provisioning Profile: de.appwerft.krickelkrake
    UUID                      = 9583b273-c472-43cd-90c8-42a8fb82439b
    App Prefix                = G3A5CH2U94
    App Id                    = de.appwerft.krickelkrake
    Date Created              = 3/10/2016 10:26 PM
    Date Expired              = 3/10/2017 10:26 PM
  iOS Team Provisioning Profile: de.appwerft.kulturlotse
    UUID                      = 2a40206c-ff5f-4ec0-a2a9-e0cf998b1b4f
    App Prefix                = G3A5CH2U94
    App Id                    = de.appwerft.kulturlotse
    Date Created              = 3/10/2016 10:26 PM
    Date Expired              = 3/10/2017 10:26 PM
  iOS Team Provisioning Profile: de.appwerft.l2g
    UUID                      = ab8243db-1568-4cc2-9afe-9c4cc5d7d5c3
    App Prefix                = G3A5CH2U94
    App Id                    = de.appwerft.l2g
    Date Created              = 3/10/2016 10:26 PM
    Date Expired              = 3/10/2017 10:26 PM
  iOS Team Provisioning Profile: de.appwerft.lumidium
    UUID                      = 1d56d431-6ec8-4bcb-8ff2-292c86aa5d72
    App Prefix                = G3A5CH2U94
    App Id                    = de.appwerft.lumidium
    Date Created              = 3/10/2016 10:26 PM
    Date Expired              = 3/10/2017 10:26 PM
  iOS Team Provisioning Profile: de.appwerft.matthis
    UUID                      = 93d55815-acd8-4332-ae86-9f57e5bbb527
    App Prefix                = G3A5CH2U94
    App Id                    = de.appwerft.matthis
    Date Created              = 3/10/2016 10:26 PM
    Date Expired              = 3/10/2017 10:26 PM
  iOS Team Provisioning Profile: de.appwerft.nachtdeswissens
    UUID                      = d15a1c16-89a2-498e-bfd1-586284b037ce
    App Prefix                = G3A5CH2U94
    App Id                    = de.appwerft.nachtdeswissens
    Date Created              = 3/10/2016 10:26 PM
    Date Expired              = 3/10/2017 10:26 PM
  iOS Team Provisioning Profile: de.appwerft.passpartout
    UUID                      = 57d30129-cf91-4de4-81b8-db5c337ff494
    App Prefix                = G3A5CH2U94
    App Id                    = de.appwerft.passpartout
    Date Created              = 3/10/2016 10:26 PM
    Date Expired              = 3/10/2017 10:26 PM
  iOS Team Provisioning Profile: de.appwerft.paulitour
    UUID                      = f74eeba2-be17-4e51-90ca-ef7ef6c85f61
    App Prefix                = G3A5CH2U94
    App Id                    = de.appwerft.paulitour
    Date Created              = 3/10/2016 10:26 PM
    Date Expired              = 3/10/2017 10:26 PM
  iOS Team Provisioning Profile: de.appwerft.pflege
    UUID                      = d389830e-8eca-46b7-a954-1e64fd4f5d6e
    App Prefix                = G3A5CH2U94
    App Id                    = de.appwerft.pflege
    Date Created              = 3/10/2016 10:26 PM
    Date Expired              = 3/10/2017 10:26 PM
  iOS Team Provisioning Profile: de.appwerft.podcampus
    UUID                      = 05f148ac-f35a-4e2f-a3ba-57fe5c8ac4b5
    App Prefix                = G3A5CH2U94
    App Id                    = de.appwerft.podcampus
    Date Created              = 3/10/2016 10:26 PM
    Date Expired              = 3/10/2017 10:26 PM
  iOS Team Provisioning Profile: de.appwerft.pommkataster
    UUID                      = 8af071fa-8cd9-42e5-9cb9-58685f3eae94
    App Prefix                = G3A5CH2U94
    App Id                    = de.appwerft.pommkataster
    Date Created              = 3/10/2016 10:26 PM
    Date Expired              = 3/10/2017 10:26 PM
  iOS Team Provisioning Profile: de.appwerft.pvlog
    UUID                      = b7fe49a7-3862-4e50-ab4e-30e69dc945e2
    App Prefix                = G3A5CH2U94
    App Id                    = de.appwerft.pvlog
    Date Created              = 3/10/2016 10:26 PM
    Date Expired              = 3/10/2017 10:26 PM
  iOS Team Provisioning Profile: de.appwerft.qtiplayer
    UUID                      = 7b99ee9e-5cef-4574-9808-6114f10b2c24
    App Prefix                = G3A5CH2U94
    App Id                    = de.appwerft.qtiplayer
    Date Created              = 3/10/2016 10:26 PM
    Date Expired              = 3/10/2017 10:26 PM
  iOS Team Provisioning Profile: de.appwerft.radfahrer
    UUID                      = 492432e0-37fa-4de6-8300-11ea660f038c
    App Prefix                = G3A5CH2U94
    App Id                    = de.appwerft.radfahrer
    Date Created              = 3/10/2016 10:26 PM
    Date Expired              = 3/10/2017 10:26 PM
  iOS Team Provisioning Profile: de.appwerft.recruitment
    UUID                      = e2b811ae-4e0a-4800-8526-8d851a614e08
    App Prefix                = G3A5CH2U94
    App Id                    = de.appwerft.recruitment
    Date Created              = 3/10/2016 10:26 PM
    Date Expired              = 3/10/2017 10:26 PM
  iOS Team Provisioning Profile: de.appwerft.ringbahn
    UUID                      = c6c98651-f4da-4270-bd2d-269040d75b13
    App Prefix                = G3A5CH2U94
    App Id                    = de.appwerft.ringbahn
    Date Created              = 3/10/2016 10:26 PM
    Date Expired              = 3/10/2017 10:26 PM
  iOS Team Provisioning Profile: de.appwerft.safersun
    UUID                      = edd83d38-a8b1-4ad9-b615-4b995a355276
    App Prefix                = G3A5CH2U94
    App Id                    = de.appwerft.safersun
    Date Created              = 3/10/2016 10:26 PM
    Date Expired              = 3/10/2017 10:26 PM
  iOS Team Provisioning Profile: de.appwerft.sauercompressors
    UUID                      = d93daf07-5239-4b86-8e80-03c943be00fc
    App Prefix                = G3A5CH2U94
    App Id                    = de.appwerft.sauercompressors
    Date Created              = 3/10/2016 10:26 PM
    Date Expired              = 3/10/2017 10:26 PM
  iOS Team Provisioning Profile: de.appwerft.screencasts
    UUID                      = 6915dddc-9f97-4432-96db-7bcf5b1a286b
    App Prefix                = G3A5CH2U94
    App Id                    = de.appwerft.screencasts
    Date Created              = 3/10/2016 10:26 PM
    Date Expired              = 3/10/2017 10:26 PM
  iOS Team Provisioning Profile: de.appwerft.singlepaymentsepa
    UUID                      = 5bf96a58-e94a-45ee-b1ca-63b0a7bdaf2d
    App Prefix                = G3A5CH2U94
    App Id                    = de.appwerft.singlepaymentsepa
    Date Created              = 3/10/2016 10:26 PM
    Date Expired              = 3/10/2017 10:26 PM
  iOS Team Provisioning Profile: de.appwerft.somfy
    UUID                      = 8be6c8b0-17e2-4e82-8fd8-33e32f87d8f0
    App Prefix                = G3A5CH2U94
    App Id                    = de.appwerft.somfy
    Date Created              = 3/10/2016 10:26 PM
    Date Expired              = 3/10/2017 10:26 PM
  iOS Team Provisioning Profile: de.appwerft.stimmwelten
    UUID                      = 713d81e8-8867-4858-a52f-9f9bd852bb04
    App Prefix                = G3A5CH2U94
    App Id                    = de.appwerft.stimmwelten
    Date Created              = 3/10/2016 10:26 PM
    Date Expired              = 3/10/2017 10:26 PM
  iOS Team Provisioning Profile: de.appwerft.sturesy
    UUID                      = eea1f4c4-5f82-460d-84f3-a493331521f2
    App Prefix                = G3A5CH2U94
    App Id                    = de.appwerft.sturesy
    Date Created              = 3/10/2016 10:26 PM
    Date Expired              = 3/10/2017 10:26 PM
  iOS Team Provisioning Profile: de.appwerft.suntracker
    UUID                      = 82ca5a5b-ec68-4a70-b9b6-bccc99f2508d
    App Prefix                = G3A5CH2U94
    App Id                    = de.appwerft.suntracker
    Date Created              = 3/10/2016 10:26 PM
    Date Expired              = 3/10/2017 10:26 PM
  iOS Team Provisioning Profile: de.appwerft.tides
    UUID                      = a233499e-c442-444e-a791-419487d8eb2f
    App Prefix                = G3A5CH2U94
    App Id                    = de.appwerft.tides
    Date Created              = 3/10/2016 10:26 PM
    Date Expired              = 3/10/2017 10:26 PM
  iOS Team Provisioning Profile: de.appwerft.veloroutenplaner
    UUID                      = e87112ea-f82a-47e9-a92d-baf9feddbcbc
    App Prefix                = G3A5CH2U94
    App Id                    = de.appwerft.veloroutenplaner
    Date Created              = 3/10/2016 10:26 PM
    Date Expired              = 3/10/2017 10:26 PM
  iOS Team Provisioning Profile: de.appwerft.vofue
    UUID                      = 0d40b6a3-864a-46e9-9473-7ea2d441bd23
    App Prefix                = G3A5CH2U94
    App Id                    = de.appwerft.vofue
    Date Created              = 3/10/2016 10:26 PM
    Date Expired              = 3/10/2017 10:26 PM
  iOS Team Provisioning Profile: de.appwerft.webmontag
    UUID                      = ddc40137-8149-4fb7-acb9-a29879d176ff
    App Prefix                = G3A5CH2U94
    App Id                    = de.appwerft.webmontag
    Date Created              = 3/10/2016 10:26 PM
    Date Expired              = 3/10/2017 10:26 PM
  iOS Team Provisioning Profile: de.appwerft.wunschlage
    UUID                      = 6109656e-6146-40f2-b99d-d84649e2178f
    App Prefix                = G3A5CH2U94
    App Id                    = de.appwerft.wunschlage
    Date Created              = 3/10/2016 10:26 PM
    Date Expired              = 3/10/2017 10:26 PM
  iOS Team Provisioning Profile: de.appwerft.xenocanto
    UUID                      = 1a4d5bf6-778f-4151-bf59-494da071ab28
    App Prefix                = G3A5CH2U94
    App Id                    = de.appwerft.xenocanto
    Date Created              = 3/10/2016 10:26 PM
    Date Expired              = 3/10/2017 10:26 PM
  iOS Team Provisioning Profile: de.vladi.privateislands
    UUID                      = 790ffcc1-f493-4919-8525-82cb4c48d932
    App Prefix                = G3A5CH2U94
    App Id                    = de.vladi.privateislands
    Date Created              = 3/10/2016 10:26 PM
    Date Expired              = 3/10/2017 10:26 PM
  iOSTeam Provisioning Profile: *
    UUID                      = 1b13ad98-5abe-457f-a6d9-77f2ea0f667b
    App Prefix                = SY2TEA9Z9K
    App Id                    = *
    Date Created              = 7/22/2015 10:27 AM
    Date Expired              = 7/21/2016 10:27 AM
  iOSTeam Provisioning Profile: *
    UUID                      = 3579a512-b4d2-40d9-80f5-3fe622114335
    App Prefix                = 386GN7D22Y
    App Id                    = *
    Date Created              = 7/22/2015 10:27 AM
    Date Expired              = 7/21/2016 10:27 AM
  iOSTeam Provisioning Profile: *
    UUID                      = f721e5cc-5f83-471b-b0c9-6a40e9c775f0
    App Prefix                = SY2TEA9Z9K
    App Id                    = *
    Date Created              = 7/22/2015 10:27 AM
    Date Expired              = 7/21/2016 10:27 AM
  iOSTeam Provisioning Profile: *
    UUID                      = a23e2a3d-f58b-44d1-959a-13f2c1f73705
    App Prefix                = JBAFSB7XNF
    App Id                    = *
    Date Created              = 7/30/2015 5:37 PM
    Date Expired              = 7/29/2016 5:37 PM
  iOSTeam Provisioning Profile: *
    UUID                      = ae7f8d68-eb59-4b8c-9cdf-ec967feb6188
    App Prefix                = SY2TEA9Z9K
    App Id                    = *
    Date Created              = 7/22/2015 10:27 AM
    Date Expired              = 7/21/2016 10:27 AM
  iOSTeam Provisioning Profile: com.catoya.alwayson
    UUID                      = dab8b924-f02d-4f65-a8a5-8c925434a35a
    App Prefix                = SY2TEA9Z9K
    App Id                    = com.catoya.alwayson
    Date Created              = 7/22/2015 10:27 AM
    Date Expired              = 7/21/2016 10:27 AM
  iOSTeam Provisioning Profile: com.catoya.catoya
    UUID                      = df8e5a50-9fb6-4be0-b1a6-c79188c88798
    App Prefix                = N3D98D72CK
    App Id                    = com.catoya.catoya
    Date Created              = 7/22/2015 10:27 AM
    Date Expired              = 7/21/2016 10:27 AM
  iOSTeam Provisioning Profile: com.catoya.catoyaiphone
    UUID                      = 0d251cf6-7061-463f-ba53-38b5a63eadf0
    App Prefix                = P3887XRDDN
    App Id                    = com.catoya.catoyaiphone
    Date Created              = 7/22/2015 10:27 AM
    Date Expired              = 7/21/2016 10:27 AM
  iOSTeam Provisioning Profile: com.catoya.yoints
    UUID                      = 9534ec0a-57d3-4f66-8c9a-54ef222bd305
    App Prefix                = 9W3W7XERR3
    App Id                    = com.catoya.yoints
    Date Created              = 7/22/2015 10:27 AM
    Date Expired              = 7/21/2016 10:27 AM
  iOSTeam Provisioning Profile: com.eppendorf.*
    UUID                      = 09350637-3862-4ea5-a039-8b2a0ad1dea9
    App Prefix                = JBAFSB7XNF
    App Id                    = com.eppendorf.*
    Date Created              = 7/30/2015 5:37 PM
    Date Expired              = 7/29/2016 5:37 PM
  iOSTeam Provisioning Profile: com.eppendorf.appmain
    UUID                      = 41824fb5-df47-4546-a7ab-25bfc008301d
    App Prefix                = JBAFSB7XNF
    App Id                    = com.eppendorf.appmain
    Date Created              = 7/30/2015 5:37 PM
    Date Expired              = 7/29/2016 5:37 PM
  iOSTeam Provisioning Profile: com.eppendorf.AR
    UUID                      = 80e08a4e-bb39-40dc-a477-0cf76b600429
    App Prefix                = JBAFSB7XNF
    App Id                    = com.eppendorf.AR
    Date Created              = 7/30/2015 5:37 PM
    Date Expired              = 7/29/2016 5:37 PM
  iOSTeam Provisioning Profile: com.eppendorf.CellCultureConsumables
    UUID                      = 39ae528d-ff08-4a52-b470-86a310c1af49
    App Prefix                = JBAFSB7XNF
    App Id                    = com.eppendorf.CellCultureConsumables
    Date Created              = 7/30/2015 5:37 PM
    Date Expired              = 7/29/2016 5:37 PM
  iOSTeam Provisioning Profile: com.eppendorf.consumables
    UUID                      = 96636e4b-66b4-4b6c-84a7-242b9ffee6ea
    App Prefix                = JBAFSB7XNF
    App Id                    = com.eppendorf.consumables
    Date Created              = 7/30/2015 5:37 PM
    Date Expired              = 7/29/2016 5:37 PM
  iOSTeam Provisioning Profile: com.eppendorf.epmotion96
    UUID                      = ae3477c0-95b0-48c6-a5e8-7dd73bef6d0a
    App Prefix                = JBAFSB7XNF
    App Id                    = com.eppendorf.epmotion96
    Date Created              = 7/30/2015 5:37 PM
    Date Expired              = 7/29/2016 5:37 PM
  iOSTeam Provisioning Profile: com.eppendorf.Eppendorf
    UUID                      = 6ebf229e-48f7-4ea4-87cc-fb1f6d42759f
    App Prefix                = JBAFSB7XNF
    App Id                    = com.eppendorf.Eppendorf
    Date Created              = 7/30/2015 5:37 PM
    Date Expired              = 7/29/2016 5:37 PM
  iOSTeam Provisioning Profile: com.eppendorf.main-app
    UUID                      = c8c6f4ec-50f5-4a58-9392-a2da90f66109
    App Prefix                = JBAFSB7XNF
    App Id                    = com.eppendorf.main-app
    Date Created              = 7/30/2015 5:37 PM
    Date Expired              = 7/29/2016 5:37 PM
  iOSTeam Provisioning Profile: com.eppendorf.mastercycler
    UUID                      = dd3638a7-f04e-49c2-8cd6-20f637aafe9c
    App Prefix                = JBAFSB7XNF
    App Id                    = com.eppendorf.mastercycler
    Date Created              = 7/30/2015 5:37 PM
    Date Expired              = 7/29/2016 5:37 PM
  iOSTeam Provisioning Profile: com.eppendorfci
    UUID                      = 00437c2c-488c-4b9d-bf1d-2dbfa5507733
    App Prefix                = SY2TEA9Z9K
    App Id                    = com.eppendorfci
    Date Created              = 7/22/2015 10:27 AM
    Date Expired              = 7/21/2016 10:27 AM
  iOSTeam Provisioning Profile: de.satzmedia.eppendorf
    UUID                      = 1de9999b-b997-4a07-b7b0-6672dbfc1e19
    App Prefix                = SY2TEA9Z9K
    App Id                    = de.satzmedia.eppendorf
    Date Created              = 7/22/2015 10:27 AM
    Date Expired              = 7/21/2016 10:27 AM
  iOSTeam Provisioning Profile: jjacobsohn.mensaapp.ios.ipad.MensaHamburgAppPhone
    UUID                      = 7b2b15ce-418f-4beb-9ed8-f1b43e34f298
    App Prefix                = SY2TEA9Z9K
    App Id                    = jjacobsohn.mensaapp.ios.ipad.MensaHamburgAppPhone
    Date Created              = 7/22/2015 10:27 AM
    Date Expired              = 7/21/2016 10:27 AM
  iOSTeam Provisioning Profile: jjacobsohn.mensaapp.ios.ipad.MensaHamburgAppTablet
    UUID                      = 355dcba5-af7d-41b6-a160-55a1a8e26f2d
    App Prefix                = SY2TEA9Z9K
    App Id                    = jjacobsohn.mensaapp.ios.ipad.MensaHamburgAppTablet
    Date Created              = 7/22/2015 10:27 AM
    Date Expired              = 7/21/2016 10:27 AM
  satzmedia4eppendorfDEV
    UUID                      = dd060159-a196-4c70-99a5-2d0053d2b91e
    App Prefix                = SY2TEA9Z9K
    App Id                    = de.satzmedia.eppendorf
    Date Created              = 7/22/2015 10:27 AM
    Date Expired              = 7/21/2016 10:27 AM
  tvOS Team Provisioning Profile: *
    UUID                      = 23ac47c0-feda-474f-8141-fd8a7fd745ac
    App Prefix                = RAAS44B449
    App Id                    = *
    Date Created              = 3/10/2016 10:26 PM
    Date Expired              = 3/10/2017 10:26 PM
  tvOS Team Provisioning Profile: com.appwerft.bagdad
    UUID                      = 13ca90cd-ceee-46e8-b933-36b5aa817ca0
    App Prefix                = G3A5CH2U94
    App Id                    = com.appwerft.bagdad
    Date Created              = 3/10/2016 10:26 PM
    Date Expired              = 3/10/2017 10:26 PM
  tvOS Team Provisioning Profile: com.appwerft.georingbahn
    UUID                      = 1ea70e46-28ca-480f-865c-386ef3414e69
    App Prefix                = G3A5CH2U94
    App Id                    = com.appwerft.georingbahn
    Date Created              = 3/10/2016 10:26 PM
    Date Expired              = 3/10/2017 10:26 PM
  tvOS Team Provisioning Profile: com.appwerft.gynulm
    UUID                      = 203dad52-8ff2-429f-a856-38810f2832f9
    App Prefix                = G3A5CH2U94
    App Id                    = com.appwerft.gynulm
    Date Created              = 3/10/2016 10:26 PM
    Date Expired              = 3/10/2017 10:26 PM
  tvOS Team Provisioning Profile: com.appwerft.hsgwohnen
    UUID                      = 4c823fb0-e9aa-4d82-8bb0-00e13745d8e6
    App Prefix                = G3A5CH2U94
    App Id                    = com.appwerft.hsgwohnen
    Date Created              = 3/10/2016 10:26 PM
    Date Expired              = 3/10/2017 10:26 PM
  tvOS Team Provisioning Profile: com.appwerft.index
    UUID                      = 64d7489e-2fc8-4f48-9039-5dc52a21074a
    App Prefix                = G3A5CH2U94
    App Id                    = com.appwerft.index
    Date Created              = 3/10/2016 10:26 PM
    Date Expired              = 3/10/2017 10:26 PM
  tvOS Team Provisioning Profile: com.appwerft.ipatut
    UUID                      = aaef4251-2f41-4131-8322-bcac4456ffea
    App Prefix                = G3A5CH2U94
    App Id                    = com.appwerft.ipatut
    Date Created              = 3/10/2016 10:26 PM
    Date Expired              = 3/10/2017 10:26 PM
  tvOS Team Provisioning Profile: com.appwerft.luminator
    UUID                      = 478639d2-223a-4012-a369-2f326f67e065
    App Prefix                = G3A5CH2U94
    App Id                    = com.appwerft.luminator
    Date Created              = 3/10/2016 10:26 PM
    Date Expired              = 3/10/2017 10:26 PM
  tvOS Team Provisioning Profile: com.appwerft.luminaut
    UUID                      = 13d40b0b-67a8-4d85-8e09-f8409624284a
    App Prefix                = G3A5CH2U94
    App Id                    = com.appwerft.luminaut
    Date Created              = 3/10/2016 10:26 PM
    Date Expired              = 3/10/2017 10:26 PM
  tvOS Team Provisioning Profile: com.appwerft.marathon2008
    UUID                      = 5414f576-280c-4892-82fb-86185e866c12
    App Prefix                = G3A5CH2U94
    App Id                    = com.appwerft.marathon2008
    Date Created              = 3/10/2016 10:26 PM
    Date Expired              = 3/10/2017 10:26 PM
  tvOS Team Provisioning Profile: com.appwerft.t3con11
    UUID                      = 8cd1f33d-2107-4be3-bf09-a1edde1afa39
    App Prefix                = G3A5CH2U94
    App Id                    = com.appwerft.t3con11
    Date Created              = 3/10/2016 10:26 PM
    Date Expired              = 3/10/2017 10:26 PM
  tvOS Team Provisioning Profile: com.appwerft.vallegranrey
    UUID                      = e0ab2b18-461a-4004-86c3-e5b2442a9292
    App Prefix                = G3A5CH2U94
    App Id                    = com.appwerft.vallegranrey
    Date Created              = 3/10/2016 10:26 PM
    Date Expired              = 3/10/2017 10:26 PM
  tvOS Team Provisioning Profile: com.appwerft.vofue
    UUID                      = 8f6a1379-deb3-4745-9664-d22066f366a8
    App Prefix                = G3A5CH2U94
    App Id                    = com.appwerft.vofue
    Date Created              = 3/10/2016 10:26 PM
    Date Expired              = 3/10/2017 10:26 PM
  tvOS Team Provisioning Profile: com.eppendorf.appmaintest
    UUID                      = 64d38809-6094-4fe1-9897-c5d797ed0d69
    App Prefix                = G3A5CH2U94
    App Id                    = com.eppendorf.appmaintest
    Date Created              = 3/10/2016 10:26 PM
    Date Expired              = 3/10/2017 10:26 PM
  tvOS Team Provisioning Profile: com.eppendorf.mainapp
    UUID                      = 2e08a10b-e433-41a0-846c-573bdb40e0e9
    App Prefix                = G3A5CH2U94
    App Id                    = com.eppendorf.mainapp
    Date Created              = 3/10/2016 10:26 PM
    Date Expired              = 3/10/2017 10:26 PM
  tvOS Team Provisioning Profile: com.mairdumont.CrossPlatformMaps
    UUID                      = 722f5fb5-bea4-4649-adae-9a99ae956a93
    App Prefix                = G3A5CH2U94
    App Id                    = com.mairdumont.CrossPlatformMaps
    Date Created              = 3/10/2016 10:26 PM
    Date Expired              = 3/10/2017 10:26 PM
  tvOS Team Provisioning Profile: com.webmasterei.bagdad
    UUID                      = f82056d3-9da2-49f3-8b09-7d9febb1deca
    App Prefix                = G3A5CH2U94
    App Id                    = com.webmasterei.bagdad
    Date Created              = 3/10/2016 10:26 PM
    Date Expired              = 3/10/2017 10:26 PM
  tvOS Team Provisioning Profile: com.webmasterei.bunkerduft
    UUID                      = e2874efc-11dd-475c-8aaa-f24ae892488e
    App Prefix                = G3A5CH2U94
    App Id                    = com.webmasterei.bunkerduft
    Date Created              = 3/10/2016 10:26 PM
    Date Expired              = 3/10/2017 10:26 PM
  tvOS Team Provisioning Profile: com.webmasterei.familientagebuch
    UUID                      = f0b5cae7-3da1-4d9e-8432-b758e4f3f81a
    App Prefix                = G3A5CH2U94
    App Id                    = com.webmasterei.familientagebuch
    Date Created              = 3/10/2016 10:26 PM
    Date Expired              = 3/10/2017 10:26 PM
  tvOS Team Provisioning Profile: com.webmasterei.hamburgerpanos
    UUID                      = fef73bf5-ac55-4724-93d7-d7b51a2598fa
    App Prefix                = G3A5CH2U94
    App Id                    = com.webmasterei.hamburgerpanos
    Date Created              = 3/10/2016 10:26 PM
    Date Expired              = 3/10/2017 10:26 PM
  tvOS Team Provisioning Profile: com.webmasterei.hamburgerradschrauber
    UUID                      = c1af0396-ccc3-4260-856d-71d0fe5b0ef1
    App Prefix                = 7YU2NRWAMQ
    App Id                    = com.webmasterei.hamburgerradschrauber
    Date Created              = 3/10/2016 10:26 PM
    Date Expired              = 3/10/2017 10:26 PM
  tvOS Team Provisioning Profile: com.webmasterei.hinzundkunzt
    UUID                      = 2e8ea773-4c6c-4c90-8bf3-c16987563077
    App Prefix                = G3A5CH2U94
    App Id                    = com.webmasterei.hinzundkunzt
    Date Created              = 3/10/2016 10:26 PM
    Date Expired              = 3/10/2017 10:26 PM
  tvOS Team Provisioning Profile: com.webmasterei.kitchensink
    UUID                      = 32776b2e-36d1-4dbe-b7a5-9150742ae18b
    App Prefix                = SZ6RW865KM
    App Id                    = com.webmasterei.kitchensink
    Date Created              = 3/10/2016 10:26 PM
    Date Expired              = 3/10/2017 10:26 PM
  tvOS Team Provisioning Profile: com.webmasterei.miba
    UUID                      = e4edbee7-f5e6-407f-8438-8fb15a023879
    App Prefix                = G3A5CH2U94
    App Id                    = com.webmasterei.miba
    Date Created              = 3/10/2016 10:26 PM
    Date Expired              = 3/10/2017 10:26 PM
  tvOS Team Provisioning Profile: com.webmasterei.movingplanner
    UUID                      = cebd7cdb-1b32-4f39-ab79-7f57bc6490bb
    App Prefix                = C7W56NSGS9
    App Id                    = com.webmasterei.movingplanner
    Date Created              = 3/10/2016 10:26 PM
    Date Expired              = 3/10/2017 10:26 PM
  tvOS Team Provisioning Profile: com.webmasterei.rainershoren
    UUID                      = adb9f3b0-ef5e-43ac-ac9d-b1f76f74024a
    App Prefix                = 5ZK2N7Z6D6
    App Id                    = com.webmasterei.rainershoren
    Date Created              = 3/10/2016 10:26 PM
    Date Expired              = 3/10/2017 10:26 PM
  tvOS Team Provisioning Profile: com.webmasterei.sprechmaschine
    UUID                      = ccc8f465-1b99-4c44-ac03-01eb4dbf8b5a
    App Prefix                = EC22R5UATD
    App Id                    = com.webmasterei.sprechmaschine
    Date Created              = 3/10/2016 10:26 PM
    Date Expired              = 3/10/2017 10:26 PM
  tvOS Team Provisioning Profile: com.webmasterei.sterni
    UUID                      = b049236c-9ba8-4f43-b3f4-619220bd01c9
    App Prefix                = G3A5CH2U94
    App Id                    = com.webmasterei.sterni
    Date Created              = 3/10/2016 10:26 PM
    Date Expired              = 3/10/2017 10:26 PM
  tvOS Team Provisioning Profile: com.webmasterei.t3con11
    UUID                      = 9791fc88-9585-49bd-9cb4-0599085042fc
    App Prefix                = G3A5CH2U94
    App Id                    = com.webmasterei.t3con11
    Date Created              = 3/10/2016 10:26 PM
    Date Expired              = 3/10/2017 10:26 PM
  tvOS Team Provisioning Profile: com.webmasterei.thuer
    UUID                      = 54b9c58c-023c-4479-89c5-73565800129f
    App Prefix                = 35L73N7B5V
    App Id                    = com.webmasterei.thuer
    Date Created              = 3/10/2016 10:26 PM
    Date Expired              = 3/10/2017 10:26 PM
  tvOS Team Provisioning Profile: com.webmasterei.velo
    UUID                      = 69234e88-68f6-4397-95b9-6d511c2cb838
    App Prefix                = Q54V7KXHQZ
    App Id                    = com.webmasterei.velo
    Date Created              = 3/10/2016 10:26 PM
    Date Expired              = 3/10/2017 10:26 PM
  tvOS Team Provisioning Profile: com.webmasterei.vladi.*
    UUID                      = a750b871-80cf-4836-86ae-e22e1e1a0919
    App Prefix                = EZ9LZTKAUR
    App Id                    = com.webmasterei.vladi.*
    Date Created              = 3/10/2016 10:26 PM
    Date Expired              = 3/10/2017 10:26 PM
  tvOS Team Provisioning Profile: com.webmasterei.vpi
    UUID                      = 9f5fa21d-cc44-4810-b686-d47429cbedf4
    App Prefix                = G3A5CH2U94
    App Id                    = com.webmasterei.vpi
    Date Created              = 3/10/2016 10:26 PM
    Date Expired              = 3/10/2017 10:26 PM
  tvOS Team Provisioning Profile: de.appwerft.agilent
    UUID                      = 6fc134aa-626a-40b9-919d-3dc0bd1d5d76
    App Prefix                = G3A5CH2U94
    App Id                    = de.appwerft.agilent
    Date Created              = 3/10/2016 10:26 PM
    Date Expired              = 3/10/2017 10:26 PM
  tvOS Team Provisioning Profile: de.appwerft.alsterdampfer
    UUID                      = 5f0b273a-b03d-4597-a27b-fd151fa23f8d
    App Prefix                = G3A5CH2U94
    App Id                    = de.appwerft.alsterdampfer
    Date Created              = 3/10/2016 10:26 PM
    Date Expired              = 3/10/2017 10:26 PM
  tvOS Team Provisioning Profile: de.appwerft.amaks
    UUID                      = 1bc2d899-09eb-498f-a128-e4262a32e779
    App Prefix                = G3A5CH2U94
    App Id                    = de.appwerft.amaks
    Date Created              = 3/10/2016 10:26 PM
    Date Expired              = 3/10/2017 10:26 PM
  tvOS Team Provisioning Profile: de.appwerft.axis
    UUID                      = f78019a3-a35e-4cdf-8f7d-d50335d06ffb
    App Prefix                = G3A5CH2U94
    App Id                    = de.appwerft.axis
    Date Created              = 3/10/2016 10:26 PM
    Date Expired              = 3/10/2017 10:26 PM
  tvOS Team Provisioning Profile: de.appwerft.belvedere
    UUID                      = 5c3fbd30-90c6-49aa-a618-cf2bb96a2dc8
    App Prefix                = G3A5CH2U94
    App Id                    = de.appwerft.belvedere
    Date Created              = 3/10/2016 10:26 PM
    Date Expired              = 3/10/2017 10:26 PM
  tvOS Team Provisioning Profile: de.appwerft.botsadhh
    UUID                      = 8c7caf3b-2ec2-480a-92ce-3b8211e9f16f
    App Prefix                = G3A5CH2U94
    App Id                    = de.appwerft.botsadhh
    Date Created              = 3/10/2016 10:26 PM
    Date Expired              = 3/10/2017 10:26 PM
  tvOS Team Provisioning Profile: de.appwerft.buduclan
    UUID                      = 0b1d473f-ae51-4f53-9ea5-e050d243535c
    App Prefix                = G3A5CH2U94
    App Id                    = de.appwerft.buduclan
    Date Created              = 3/10/2016 10:26 PM
    Date Expired              = 3/10/2017 10:26 PM
  tvOS Team Provisioning Profile: de.appwerft.busradarfl
    UUID                      = 35f64d07-0670-49e9-9379-23baf8374077
    App Prefix                = G3A5CH2U94
    App Id                    = de.appwerft.busradarfl
    Date Created              = 3/10/2016 10:26 PM
    Date Expired              = 3/10/2017 10:26 PM
  tvOS Team Provisioning Profile: de.appwerft.buxtehude
    UUID                      = 1c4a4d10-5c30-4ef4-a19a-c78e4ac21fef
    App Prefix                = G3A5CH2U94
    App Id                    = de.appwerft.buxtehude
    Date Created              = 3/10/2016 10:26 PM
    Date Expired              = 3/10/2017 10:26 PM
  tvOS Team Provisioning Profile: de.appwerft.cafeabsurd
    UUID                      = 69ebdd8d-f127-4896-9eb8-f51c919f2bd0
    App Prefix                = G3A5CH2U94
    App Id                    = de.appwerft.cafeabsurd
    Date Created              = 3/10/2016 10:26 PM
    Date Expired              = 3/10/2017 10:26 PM
  tvOS Team Provisioning Profile: de.appwerft.cligga
    UUID                      = 2100382e-f29e-4e0f-a340-7754a921a1ad
    App Prefix                = G3A5CH2U94
    App Id                    = de.appwerft.cligga
    Date Created              = 3/10/2016 10:26 PM
    Date Expired              = 3/10/2017 10:26 PM
  tvOS Team Provisioning Profile: de.appwerft.cookasa
    UUID                      = 6ac208db-ad2b-4779-9a40-a0fa0a94efa1
    App Prefix                = G3A5CH2U94
    App Id                    = de.appwerft.cookasa
    Date Created              = 3/10/2016 10:26 PM
    Date Expired              = 3/10/2017 10:26 PM
  tvOS Team Provisioning Profile: de.appwerft.deepzoom
    UUID                      = caf17d92-c359-4200-914c-176dcae224c1
    App Prefix                = G3A5CH2U94
    App Id                    = de.appwerft.deepzoom
    Date Created              = 3/10/2016 10:26 PM
    Date Expired              = 3/10/2017 10:26 PM
  tvOS Team Provisioning Profile: de.appwerft.dweda
    UUID                      = d6e1ee5a-0e11-4fa3-8965-b81b766d6150
    App Prefix                = G3A5CH2U94
    App Id                    = de.appwerft.dweda
    Date Created              = 3/10/2016 10:26 PM
    Date Expired              = 3/10/2017 10:26 PM
  tvOS Team Provisioning Profile: de.appwerft.educationpackage
    UUID                      = 03a4deab-8270-4d88-b32d-f0737d63356c
    App Prefix                = G3A5CH2U94
    App Id                    = de.appwerft.educationpackage
    Date Created              = 3/10/2016 10:26 PM
    Date Expired              = 3/10/2017 10:26 PM
  tvOS Team Provisioning Profile: de.appwerft.eppendorf
    UUID                      = a1b3cd5c-5191-40ad-99d5-fc66bcbb536e
    App Prefix                = G3A5CH2U94
    App Id                    = de.appwerft.eppendorf
    Date Created              = 3/10/2016 10:26 PM
    Date Expired              = 3/10/2017 10:26 PM
  tvOS Team Provisioning Profile: de.appwerft.ergobaby
    UUID                      = fc89a7ef-b9ee-45ba-a6f7-c6d79ea782dc
    App Prefix                = G3A5CH2U94
    App Id                    = de.appwerft.ergobaby
    Date Created              = 3/10/2016 10:26 PM
    Date Expired              = 3/10/2017 10:26 PM
  tvOS Team Provisioning Profile: de.appwerft.europom
    UUID                      = d019c880-45a4-433d-b4ac-a78e6ff016d5
    App Prefix                = G3A5CH2U94
    App Id                    = de.appwerft.europom
    Date Created              = 3/10/2016 10:26 PM
    Date Expired              = 3/10/2017 10:26 PM
  tvOS Team Provisioning Profile: de.appwerft.fahrradsternfahrt
    UUID                      = 513aec24-b7d5-4a06-b65e-4785a81119b2
    App Prefix                = G3A5CH2U94
    App Id                    = de.appwerft.fahrradsternfahrt
    Date Created              = 3/10/2016 10:26 PM
    Date Expired              = 3/10/2017 10:26 PM
  tvOS Team Provisioning Profile: de.appwerft.farborakel
    UUID                      = 0e728b09-1ebc-4757-9db5-cdef99936bd9
    App Prefix                = G3A5CH2U94
    App Id                    = de.appwerft.farborakel
    Date Created              = 3/10/2016 10:26 PM
    Date Expired              = 3/10/2017 10:26 PM
  tvOS Team Provisioning Profile: de.appwerft.giftplanner
    UUID                      = d0c3fe95-2358-4fe9-8bd9-6a4bf01140fe
    App Prefix                = G3A5CH2U94
    App Id                    = de.appwerft.giftplanner
    Date Created              = 3/10/2016 10:26 PM
    Date Expired              = 3/10/2017 10:26 PM
  tvOS Team Provisioning Profile: de.appwerft.hadag
    UUID                      = 0eb21e09-90de-401a-a363-bec055e996b4
    App Prefix                = G3A5CH2U94
    App Id                    = de.appwerft.hadag
    Date Created              = 3/10/2016 10:26 PM
    Date Expired              = 3/10/2017 10:26 PM
  tvOS Team Provisioning Profile: de.appwerft.hrv
    UUID                      = 74a50d8f-8a95-4f2a-ac66-ca806ca5f089
    App Prefix                = G3A5CH2U94
    App Id                    = de.appwerft.hrv
    Date Created              = 3/10/2016 10:26 PM
    Date Expired              = 3/10/2017 10:26 PM
  tvOS Team Provisioning Profile: de.appwerft.kindstod
    UUID                      = 3463edbb-e9fa-44f6-a18b-eff1cbc2d8c9
    App Prefix                = G3A5CH2U94
    App Id                    = de.appwerft.kindstod
    Date Created              = 3/10/2016 10:26 PM
    Date Expired              = 3/10/2017 10:26 PM
  tvOS Team Provisioning Profile: de.appwerft.kingdrips
    UUID                      = 8196a711-5448-41c9-8a1b-4cace14db2c3
    App Prefix                = G3A5CH2U94
    App Id                    = de.appwerft.kingdrips
    Date Created              = 3/10/2016 10:26 PM
    Date Expired              = 3/10/2017 10:26 PM
  tvOS Team Provisioning Profile: de.appwerft.krickelkrake
    UUID                      = dc08387d-e2bb-4e3e-b1f4-e7c4463af376
    App Prefix                = G3A5CH2U94
    App Id                    = de.appwerft.krickelkrake
    Date Created              = 3/10/2016 10:26 PM
    Date Expired              = 3/10/2017 10:26 PM
  tvOS Team Provisioning Profile: de.appwerft.kulturlotse
    UUID                      = 8bfb5d7a-a93b-49e2-b9f3-85ae86966976
    App Prefix                = G3A5CH2U94
    App Id                    = de.appwerft.kulturlotse
    Date Created              = 3/10/2016 10:26 PM
    Date Expired              = 3/10/2017 10:26 PM
  tvOS Team Provisioning Profile: de.appwerft.l2g
    UUID                      = f63ce9a5-eb04-4f89-b84e-fa88e8a8593f
    App Prefix                = G3A5CH2U94
    App Id                    = de.appwerft.l2g
    Date Created              = 3/10/2016 10:26 PM
    Date Expired              = 3/10/2017 10:26 PM
  tvOS Team Provisioning Profile: de.appwerft.lumidium
    UUID                      = 5cb382e8-08d5-464c-b9f1-d2840f4ff52e
    App Prefix                = G3A5CH2U94
    App Id                    = de.appwerft.lumidium
    Date Created              = 3/10/2016 10:26 PM
    Date Expired              = 3/10/2017 10:26 PM
  tvOS Team Provisioning Profile: de.appwerft.matthis
    UUID                      = 7cd64221-66b7-40cd-a664-77576d83913e
    App Prefix                = G3A5CH2U94
    App Id                    = de.appwerft.matthis
    Date Created              = 3/10/2016 10:26 PM
    Date Expired              = 3/10/2017 10:26 PM
  tvOS Team Provisioning Profile: de.appwerft.nachtdeswissens
    UUID                      = c65f4414-2676-4737-a532-030f3f05eb28
    App Prefix                = G3A5CH2U94
    App Id                    = de.appwerft.nachtdeswissens
    Date Created              = 3/10/2016 10:26 PM
    Date Expired              = 3/10/2017 10:26 PM
  tvOS Team Provisioning Profile: de.appwerft.passpartout
    UUID                      = 01c2f285-98f3-4216-ab67-aa74a6762b4a
    App Prefix                = G3A5CH2U94
    App Id                    = de.appwerft.passpartout
    Date Created              = 3/10/2016 10:26 PM
    Date Expired              = 3/10/2017 10:26 PM
  tvOS Team Provisioning Profile: de.appwerft.paulitour
    UUID                      = 3093e5bf-3655-409b-b16e-83f90b94ddf0
    App Prefix                = G3A5CH2U94
    App Id                    = de.appwerft.paulitour
    Date Created              = 3/10/2016 10:26 PM
    Date Expired              = 3/10/2017 10:26 PM
  tvOS Team Provisioning Profile: de.appwerft.pflege
    UUID                      = 50072763-3aa9-4652-b0d1-739cb17f1c2b
    App Prefix                = G3A5CH2U94
    App Id                    = de.appwerft.pflege
    Date Created              = 3/10/2016 10:26 PM
    Date Expired              = 3/10/2017 10:26 PM
  tvOS Team Provisioning Profile: de.appwerft.podcampus
    UUID                      = 03ff6159-e7c0-47f6-a596-f051f3a2ba8b
    App Prefix                = G3A5CH2U94
    App Id                    = de.appwerft.podcampus
    Date Created              = 3/10/2016 10:26 PM
    Date Expired              = 3/10/2017 10:26 PM
  tvOS Team Provisioning Profile: de.appwerft.pommkataster
    UUID                      = f79f04ed-b920-4e80-9468-a020058fdb27
    App Prefix                = G3A5CH2U94
    App Id                    = de.appwerft.pommkataster
    Date Created              = 3/10/2016 10:26 PM
    Date Expired              = 3/10/2017 10:26 PM
  tvOS Team Provisioning Profile: de.appwerft.pvlog
    UUID                      = cf65d5f9-89a2-44dd-888b-04569e2c44a5
    App Prefix                = G3A5CH2U94
    App Id                    = de.appwerft.pvlog
    Date Created              = 3/10/2016 10:26 PM
    Date Expired              = 3/10/2017 10:26 PM
  tvOS Team Provisioning Profile: de.appwerft.qtiplayer
    UUID                      = adcf0de2-f108-4908-bd53-84f920b7066e
    App Prefix                = G3A5CH2U94
    App Id                    = de.appwerft.qtiplayer
    Date Created              = 3/10/2016 10:26 PM
    Date Expired              = 3/10/2017 10:26 PM
  tvOS Team Provisioning Profile: de.appwerft.radfahrer
    UUID                      = e6e9d8f3-dbee-498d-92b2-b080a6dffc07
    App Prefix                = G3A5CH2U94
    App Id                    = de.appwerft.radfahrer
    Date Created              = 3/10/2016 10:26 PM
    Date Expired              = 3/10/2017 10:26 PM
  tvOS Team Provisioning Profile: de.appwerft.recruitment
    UUID                      = 83904de7-5c19-4f0a-8bf9-d830b8653966
    App Prefix                = G3A5CH2U94
    App Id                    = de.appwerft.recruitment
    Date Created              = 3/10/2016 10:26 PM
    Date Expired              = 3/10/2017 10:26 PM
  tvOS Team Provisioning Profile: de.appwerft.ringbahn
    UUID                      = 6d91d78b-85c7-4734-8d0c-944b674adce7
    App Prefix                = G3A5CH2U94
    App Id                    = de.appwerft.ringbahn
    Date Created              = 3/10/2016 10:26 PM
    Date Expired              = 3/10/2017 10:26 PM
  tvOS Team Provisioning Profile: de.appwerft.safersun
    UUID                      = 83509a51-c29d-489c-b00d-95bb200bb51a
    App Prefix                = G3A5CH2U94
    App Id                    = de.appwerft.safersun
    Date Created              = 3/10/2016 10:26 PM
    Date Expired              = 3/10/2017 10:26 PM
  tvOS Team Provisioning Profile: de.appwerft.sauercompressors
    UUID                      = cec86341-17b5-4853-930d-9ba65afa627a
    App Prefix                = G3A5CH2U94
    App Id                    = de.appwerft.sauercompressors
    Date Created              = 3/10/2016 10:26 PM
    Date Expired              = 3/10/2017 10:26 PM
  tvOS Team Provisioning Profile: de.appwerft.screencasts
    UUID                      = a751d1ec-7aef-41e9-8360-cc671ae7ea75
    App Prefix                = G3A5CH2U94
    App Id                    = de.appwerft.screencasts
    Date Created              = 3/10/2016 10:26 PM
    Date Expired              = 3/10/2017 10:26 PM
  tvOS Team Provisioning Profile: de.appwerft.singlepaymentsepa
    UUID                      = cc539c6e-8613-46bc-aa85-4b2adfea6faa
    App Prefix                = G3A5CH2U94
    App Id                    = de.appwerft.singlepaymentsepa
    Date Created              = 3/10/2016 10:26 PM
    Date Expired              = 3/10/2017 10:26 PM
  tvOS Team Provisioning Profile: de.appwerft.somfy
    UUID                      = d5878ab0-8b6a-42cc-b0bf-94e2d2676a2b
    App Prefix                = G3A5CH2U94
    App Id                    = de.appwerft.somfy
    Date Created              = 3/10/2016 10:26 PM
    Date Expired              = 3/10/2017 10:26 PM
  tvOS Team Provisioning Profile: de.appwerft.stimmwelten
    UUID                      = c1461600-12b2-4548-8bf1-2bee464d462a
    App Prefix                = G3A5CH2U94
    App Id                    = de.appwerft.stimmwelten
    Date Created              = 3/10/2016 10:26 PM
    Date Expired              = 3/10/2017 10:26 PM
  tvOS Team Provisioning Profile: de.appwerft.sturesy
    UUID                      = bc727742-012c-4bef-a02b-556a411b0e87
    App Prefix                = G3A5CH2U94
    App Id                    = de.appwerft.sturesy
    Date Created              = 3/10/2016 10:26 PM
    Date Expired              = 3/10/2017 10:26 PM
  tvOS Team Provisioning Profile: de.appwerft.suntracker
    UUID                      = 374eff54-48d8-409c-af38-eb6acd39e6ee
    App Prefix                = G3A5CH2U94
    App Id                    = de.appwerft.suntracker
    Date Created              = 3/10/2016 10:26 PM
    Date Expired              = 3/10/2017 10:26 PM
  tvOS Team Provisioning Profile: de.appwerft.tides
    UUID                      = 4eca8b8b-82b3-4136-b48d-a385b22bc1cc
    App Prefix                = G3A5CH2U94
    App Id                    = de.appwerft.tides
    Date Created              = 3/10/2016 10:26 PM
    Date Expired              = 3/10/2017 10:26 PM
  tvOS Team Provisioning Profile: de.appwerft.veloroutenplaner
    UUID                      = 92035681-4586-4a70-ad84-0a2bbc98ce1d
    App Prefix                = G3A5CH2U94
    App Id                    = de.appwerft.veloroutenplaner
    Date Created              = 3/10/2016 10:26 PM
    Date Expired              = 3/10/2017 10:26 PM
  tvOS Team Provisioning Profile: de.appwerft.vofue
    UUID                      = cd5d39d9-c9b0-4672-8789-d29e8c9fa207
    App Prefix                = G3A5CH2U94
    App Id                    = de.appwerft.vofue
    Date Created              = 3/10/2016 10:26 PM
    Date Expired              = 3/10/2017 10:26 PM
  tvOS Team Provisioning Profile: de.appwerft.webmontag
    UUID                      = f96d3384-3550-42e7-b32c-dd9656a19411
    App Prefix                = G3A5CH2U94
    App Id                    = de.appwerft.webmontag
    Date Created              = 3/10/2016 10:26 PM
    Date Expired              = 3/10/2017 10:26 PM
  tvOS Team Provisioning Profile: de.appwerft.wunschlage
    UUID                      = 551bc006-6bff-456c-9bf6-f06542902dd5
    App Prefix                = G3A5CH2U94
    App Id                    = de.appwerft.wunschlage
    Date Created              = 3/10/2016 10:26 PM
    Date Expired              = 3/10/2017 10:26 PM
  tvOS Team Provisioning Profile: de.appwerft.xenocanto
    UUID                      = 5e8e77ab-12f2-4044-9cc4-ef1177a531f2
    App Prefix                = G3A5CH2U94
    App Id                    = de.appwerft.xenocanto
    Date Created              = 3/10/2016 10:26 PM
    Date Expired              = 3/10/2017 10:26 PM
  tvOS Team Provisioning Profile: de.vladi.privateislands
    UUID                      = d736e7fa-27b1-44cc-8c58-5da74b54455e
    App Prefix                = G3A5CH2U94
    App Id                    = de.vladi.privateislands
    Date Created              = 3/10/2016 10:26 PM
    Date Expired              = 3/10/2017 10:26 PM
 
Distribution iOS Provisioning Profiles
  Eppendorf Testflight
    UUID                      = d9a000f4-98fb-44be-84b3-4f5137fa252e
    App Prefix                = G3A5CH2U94
    App Id                    = de.appwerft.eppendorf
    Date Created              = 7/10/2015 3:53 PM
    Date Expired              = 7/9/2016 3:40 PM
  Eppendorf Testflight
    UUID                      = d9a000f4-98fb-44be-84b3-4f5137fa252e
    App Prefix                = G3A5CH2U94
    App Id                    = de.appwerft.eppendorf
    Date Created              = 7/10/2015 3:53 PM
    Date Expired              = 7/9/2016 3:40 PM
  Eppendorf_appmain
    UUID                      = ca5b970b-c404-44af-a9e2-c12f08c7a816
    App Prefix                = JBAFSB7XNF
    App Id                    = com.eppendorf.appmain
    Date Created              = 7/30/2015 5:31 PM
    Date Expired              = 7/29/2016 5:15 PM
  Passpartout
    UUID                      = 6f8ef10d-a732-441a-accb-86b8574605f7
    App Prefix                = G3A5CH2U94
    App Id                    = de.appwerft.passpartout
    Date Created              = 8/14/2015 3:01 PM
    Date Expired              = 7/9/2016 3:40 PM
  satzmedia4eppendorf
    UUID                      = 554a53f7-4ba5-4899-81a7-04cdd8ce5b5f
    App Prefix                = SY2TEA9Z9K
    App Id                    = de.satzmedia.eppendorf
    Date Created              = 7/14/2015 3:41 PM
    Date Expired              = 7/13/2016 3:30 PM
  XC: *
    UUID                      = 8b40fc43-8908-4e1c-8f90-c3f63fd5c01f
    App Prefix                = RAAS44B449
    App Id                    = *
    Date Created              = 11/2/2015 3:43 PM
    Date Expired              = 7/9/2016 3:40 PM
  XC: de.appwerft.passpartout
    UUID                      = a1cff484-3ce8-4822-89ac-1a52d0155484
    App Prefix                = G3A5CH2U94
    App Id                    = de.appwerft.passpartout
    Date Created              = 10/30/2015 6:23 PM
    Date Expired              = 7/9/2016 3:40 PM
 
Ad Hoc iOS Provisioning Profiles
  None

iOS Simulators
9.0
  iPad 2 (ipad)
    UDID                      = F90C0A27-DF79-4326-B615-0329AF36B7B3
    Supports Watch Apps       = no
  iPad Retina (ipad)
    UDID                      = DC670545-983D-4663-8568-8119535C89BB
    Supports Watch Apps       = no
  iPad Air (ipad)
    UDID                      = A58AC2E5-7951-44C4-8764-29068E8F6F0A
    Supports Watch Apps       = no
  iPad Air 2 (ipad)
    UDID                      = D89111C9-EC27-4167-9AF2-83C199D6E194
    Supports Watch Apps       = no
  iPhone 4s (iphone)
    UDID                      = 7B96C9F6-9AFD-41BE-95D3-0E28B0B26131
    Supports Watch Apps       = no
  iPhone 5 (iphone)
    UDID                      = 11AB0308-6002-407D-B74D-80BF24B9E1E5
    Supports Watch Apps       = yes
  iPhone 5s (iphone)
    UDID                      = 33D993B6-669F-455B-81D6-A1B8C3994BB2
    Supports Watch Apps       = yes
  iPhone 6 Plus (iphone)
    UDID                      = 48F71C2D-89CA-4608-B934-E6C0FFF38B2A
    Supports Watch Apps       = yes
  iPhone 6 (iphone)
    UDID                      = 3D73733D-DA14-4637-B598-31884DD7EF64
    Supports Watch Apps       = yes
  iPhone 6s (iphone)
    UDID                      = FEC8DCBD-B80B-4414-8B07-64B80C87BC3D
    Supports Watch Apps       = yes
  iPhone 6s Plus (iphone)
    UDID                      = B7550FD0-A25F-4F3F-ABD7-5EFE663EF40A
    Supports Watch Apps       = yes

9.2
  iPad 2 (ipad)
    UDID                      = FFECA5F3-6650-408C-844E-791BC2D9F594
    Supports Watch Apps       = no
  iPad Retina (ipad)
    UDID                      = E84331A5-8E6E-4AD2-AD54-324E89E13493
    Supports Watch Apps       = no
  iPad Air (ipad)
    UDID                      = 29F3D9CC-EAE0-40A6-B6AE-CE27793CE2DF
    Supports Watch Apps       = no
  iPad Air 2 (ipad)
    UDID                      = B382A96D-2AB4-4D17-A8FD-CAFD027D6116
    Supports Watch Apps       = no
  iPad Pro (ipad)
    UDID                      = E63B991B-B43C-47E7-BC76-543AE39CFFEE
    Supports Watch Apps       = no
  iPhone 4s (iphone)
    UDID                      = DE209364-6DF3-4E04-9BA6-CB8520D7FA7A
    Supports Watch Apps       = no
  iPhone 5 (iphone)
    UDID                      = 6CE288F2-54E4-41E9-9E36-AD9DFDFBF833
    Supports Watch Apps       = yes
  iPhone 5s (iphone)
    UDID                      = E0B54836-ACCE-461F-8050-85FBB6950ADF
    Supports Watch Apps       = yes
  iPhone 6 Plus (iphone)
    UDID                      = 3C524206-D0D4-4C6F-A321-DF8233E00554
    Supports Watch Apps       = yes
  iPhone 6 (iphone)
    UDID                      = 91C497CE-E8D6-48B7-B83F-FEBF650CF941
    Supports Watch Apps       = yes
  iPhone 6s (iphone)
    UDID                      = FD9F7758-7618-40DC-8EA6-B663C1F4FC1D
    Supports Watch Apps       = yes
  iPhone 6s Plus (iphone)
    UDID                      = 4DA3BA8E-3C55-4D6F-A7E7-AD997048A84C
    Supports Watch Apps       = yes

WatchOS Simulators
2.0
  Apple Watch - 38mm (watch)
    UDID                      = DCDEA119-8226-454E-8402-0A52B28581DE
  Apple Watch - 42mm (watch)
    UDID                      = 6937205E-D0D7-4CB6-A296-2F322F5B032F

2.1
  Apple Watch - 38mm (watch)
    UDID                      = F63D1565-F041-4D6E-B71B-9DD0716A26E6
  Apple Watch - 42mm (watch)
    UDID                      = 33D12793-0170-48EA-9916-5EC48638E0B4

Connected iOS Devices
  None

Android Issues
  !  Android API Android 2.3.3 (android-10) is too old and is no longer supported by Titanium SDK
     5.3.0.
     The minimum supported Android API level by Titanium SDK 5.3.0 is API level 23.

  !  Android API Android 4.0 (android-14) is too old and is no longer supported by Titanium SDK
     5.3.0.
     The minimum supported Android API level by Titanium SDK 5.3.0 is API level 23.

  !  Android API Android 4.0.3 (android-15) is too old and is no longer supported by Titanium SDK
     5.3.0.
     The minimum supported Android API level by Titanium SDK 5.3.0 is API level 23.

  !  Android API Android 4.3.1 (android-18) is too old and is no longer supported by Titanium SDK
     5.3.0.
     The minimum supported Android API level by Titanium SDK 5.3.0 is API level 23.

  !  Android API Android 4.4.2 (android-19) is too old and is no longer supported by Titanium SDK
     5.3.0.
     The minimum supported Android API level by Titanium SDK 5.3.0 is API level 23.

  !  Android API Android 4.4W.2 (android-20) is too old and is no longer supported by Titanium SDK
     5.3.0.
     The minimum supported Android API level by Titanium SDK 5.3.0 is API level 23.

  !  Android API Android 5.0.1 (android-21) is too old and is no longer supported by Titanium SDK
     5.3.0.
     The minimum supported Android API level by Titanium SDK 5.3.0 is API level 23.

  !  Android API Android 5.1.1 (android-22) is too old and is no longer supported by Titanium SDK
     5.3.0.
     The minimum supported Android API level by Titanium SDK 5.3.0 is API level 23.

  !  Android API Google APIs (Google Inc.:Google APIs:15) is too old and is no longer supported by
     Titanium SDK 5.3.0.
     The minimum supported Android API level by Titanium SDK 5.3.0 is API level 23.

  !  Android API Google APIs (Google Inc.:Google APIs:18) is too old and is no longer supported by
     Titanium SDK 5.3.0.
     The minimum supported Android API level by Titanium SDK 5.3.0 is API level 23.

  !  Android API Glass Development Kit Preview (Google Inc.:Glass Development Kit Preview:19) is too
     old and is no longer supported by Titanium SDK 5.3.0.
     The minimum supported Android API level by Titanium SDK 5.3.0 is API level 23.

  !  Android API Google APIs (Google Inc.:Google APIs:19) is too old and is no longer supported by
     Titanium SDK 5.3.0.
     The minimum supported Android API level by Titanium SDK 5.3.0 is API level 23.

  !  Android API Google APIs (x86 System Image) (Google Inc.:Google APIs (x86 System Image):19) is
     too old and is no longer supported by Titanium SDK 5.3.0.
     The minimum supported Android API level by Titanium SDK 5.3.0 is API level 23.

  !  Android API Google APIs (Google Inc.:Google APIs:21) is too old and is no longer supported by
     Titanium SDK 5.3.0.
     The minimum supported Android API level by Titanium SDK 5.3.0 is API level 23.

  !  Android API Google APIs (Google Inc.:Google APIs:22) is too old and is no longer supported by
     Titanium SDK 5.3.0.
     The minimum supported Android API level by Titanium SDK 5.3.0 is API level 23.

iOS Issues
  !  Unable to find any valid iOS adhoc provisioning profiles.
     This will prevent you from packaging apps for adhoc distribution.
     You will need to login into http://appcelerator.com/ios-dist-certs with your Apple Download
     account, then create, download, and install a profile.

